<INFO  2006-09-29 15:37:32,951 NullConfigurator::<init>:132> JXTA_HOME = file:/C:/Earl/EKenDo/islandsoft/framework/jxta/Java/IslandSoft/islandTravel/.jxta
<WARN  2006-09-29 15:37:33,001 NullConfigurator::load:233> Platform Config not found : file:/C:/Earl/EKenDo/islandsoft/framework/jxta/Java/IslandSoft/islandTravel/.jxta/PlatformConfig
<INFO  2006-09-29 15:37:33,011 NullConfigurator::adjustLog4JPriority:308> Log4J logging preference not set, using defaults
<INFO  2006-09-29 15:37:33,011 AutomaticConfigurator::buildPlatformConfig:159> New PlatformConfig Advertisement
<INFO  2006-09-29 15:37:33,201 AutomaticConfigurator::buildPlatformConfig:223> HTTP advertisement missing, making a new one.
<INFO  2006-09-29 15:37:33,211 AutomaticConfigurator::buildPlatformConfig:305> TCP advertisement missing, making a new one.
<INFO  2006-09-29 15:37:33,231 AutomaticConfigurator::buildPlatformConfig:365> Relay Config advertisement missing, making a new one.
<INFO  2006-09-29 15:37:33,241 AutomaticConfigurator::buildPlatformConfig:405> Rdv Config advertisement missing, making a new one.
<INFO  2006-09-29 15:37:33,261 AutomaticConfigurator::buildPlatformConfig:430> Proxy config advertisement missing, making a new one.
<INFO  2006-09-29 15:37:33,431 DefaultConfigurator::getPlatformConfig:188> Reconfig requested - No security info
<INFO  2006-09-29 15:39:55,866 NullConfigurator::<init>:132> JXTA_HOME = file:/C:/Earl/EKenDo/islandsoft/framework/jxta/Java/IslandSoft/islandTravel/.jxta/
<INFO  2006-09-29 15:39:55,886 DefaultConfigurator::getPlatformConfig:174> Reconfig requested - Forced reconfigure
<INFO  2006-09-29 15:39:56,127 NullConfigurator::adjustLog4JPriority:316> Log4J [user default] requested, not adjusting logging priority
<INFO  2006-09-29 15:39:56,237 DefaultConfigurator::getPlatformConfig:188> Reconfig requested - No security info
<INFO  2006-09-29 15:47:07,066 NullConfigurator::<init>:132> JXTA_HOME = file:/C:/Earl/EKenDo/islandsoft/framework/jxta/Java/IslandSoft/islandTravel/.jxta/
<INFO  2006-09-29 15:47:07,086 DefaultConfigurator::getPlatformConfig:174> Reconfig requested - Forced reconfigure
<INFO  2006-09-29 15:47:07,307 NullConfigurator::adjustLog4JPriority:316> Log4J [user default] requested, not adjusting logging priority
<INFO  2006-09-29 15:47:07,417 DefaultConfigurator::getPlatformConfig:188> Reconfig requested - No security info
<INFO  2006-09-29 15:47:40,795 NullConfigurator::adjustLog4JPriority:316> Log4J [user default] requested, not adjusting logging priority
<INFO  2006-09-29 15:47:40,905 NullConfigurator::<init>:132> JXTA_HOME = file:/C:/Earl/EKenDo/islandsoft/framework/jxta/Java/IslandSoft/islandTravel/.jxta/
<INFO  2006-09-29 15:47:40,935 NullConfigurator::adjustLog4JPriority:316> Log4J [user default] requested, not adjusting logging priority
<INFO  2006-09-29 15:47:42,497 NullConfigurator::adjustLog4JPriority:316> Log4J [user default] requested, not adjusting logging priority
