2012-08-08 00:50:33,517 ERROR [geoserver.global] - 
----------------------------------
- GEOSERVER_DATA_DIR: /opt/geoserver-2.1.4/bin/../data_dir
----------------------------------
2012-08-08 00:50:33,798 INFO [org.geoserver] - Loaded style 'point'
2012-08-08 00:50:33,800 INFO [org.geoserver] - Loaded style 'pophatch'
2012-08-08 00:50:33,801 INFO [org.geoserver] - Loaded style 'dem'
2012-08-08 00:50:33,802 INFO [org.geoserver] - Loaded style 'simple_streams'
2012-08-08 00:50:33,803 INFO [org.geoserver] - Loaded style 'tiger_roads'
2012-08-08 00:50:33,804 INFO [org.geoserver] - Loaded style 'population'
2012-08-08 00:50:33,805 INFO [org.geoserver] - Loaded style 'capitals'
2012-08-08 00:50:33,806 INFO [org.geoserver] - Loaded style 'line'
2012-08-08 00:50:33,806 INFO [org.geoserver] - Loaded style 'raster'
2012-08-08 00:50:33,807 INFO [org.geoserver] - Loaded style 'restricted'
2012-08-08 00:50:33,808 INFO [org.geoserver] - Loaded style 'rain'
2012-08-08 00:50:33,812 INFO [org.geoserver] - Loaded style 'polygon'
2012-08-08 00:50:33,813 INFO [org.geoserver] - Loaded style 'poi'
2012-08-08 00:50:33,814 INFO [org.geoserver] - Loaded style 'simple_roads'
2012-08-08 00:50:33,815 INFO [org.geoserver] - Loaded style 'burg'
2012-08-08 00:50:33,817 INFO [org.geoserver] - Loaded style 'green'
2012-08-08 00:50:33,818 INFO [org.geoserver] - Loaded style 'giant_polygon'
2012-08-08 00:50:33,819 INFO [org.geoserver] - Loaded style 'cite_lakes'
2012-08-08 00:50:33,820 INFO [org.geoserver] - Loaded style 'poly_landmarks'
2012-08-08 00:50:33,821 INFO [org.geoserver] - Loaded style 'grass'
2012-08-08 00:50:33,821 WARN [org.geoserver] - No default workspace was found.
2012-08-08 00:50:33,842 INFO [org.geoserver] - Loaded workspace 'nurc'
2012-08-08 00:50:33,905 INFO [org.geoserver] - Loaded workspace 'cite'
2012-08-08 00:50:33,906 INFO [org.geoserver] - Loaded workspace 'sf'
2012-08-08 00:50:33,917 INFO [org.geoserver] - Loaded workspace 'it.geosolutions'
2012-08-08 00:50:33,919 INFO [org.geoserver] - Loaded workspace 'tiger'
2012-08-08 00:50:33,921 INFO [org.geoserver] - Loaded workspace 'topp'
2012-08-08 00:50:33,923 INFO [org.geoserver] - Loaded workspace 'sde'
2012-08-08 00:50:33,948 INFO [org.geoserver] - Loaded store 'mosaic', enabled
2012-08-08 00:50:33,975 INFO [org.geoserver] - Loaded coverage store 'mosaic'
2012-08-08 00:50:35,365 WARN [referencing.factory] - Axis elements found in a wkt definition, the force longitude first axis order hint might not be respected:
PROJCS["WGS84 / Simple Mercator", GEOGCS["WGS 84", DATUM["WGS_1984", SPHEROID["WGS_1984", 6378137.0, 298.257223563]], PRIMEM["Greenwich", 0.0], UNIT["degree", 0.017453292519943295]], PROJECTION["Mercator_1SP_Google"], PARAMETER["latitude_of_origin", 0.0], PARAMETER["central_meridian", 0.0], PARAMETER["scale_factor", 1.0], PARAMETER["false_easting", 0.0], PARAMETER["false_northing", 0.0], UNIT["m", 1.0], AXIS["x", EAST], AXIS["y", NORTH], AUTHORITY["EPSG","54004"]]
2012-08-08 00:50:35,615 INFO [org.geoserver] - Loaded coverage 'mosaic', enabled
2012-08-08 00:50:35,633 INFO [org.geoserver] - Loaded coverage 'mosaic'
2012-08-08 00:50:36,614 WARN [imagemosaic.catalog] - BBOXFilterExtractor::extractBasicProperties(): passed typename is null, using: mosaic
2012-08-08 00:50:37,019 WARN [imagemosaic.Utils] - Unable to find sample image for path /opt/geoserver-2.1.4/bin/../data_dir/coverages/mosaic_sample/sample_image
2012-08-08 00:50:37,019 WARN [gce.imagemosaic] - Unable to find sample image for path file:/opt/geoserver-2.1.4/bin/../data_dir/coverages/mosaic_sample/mosaic.shp
2012-08-08 00:50:37,026 INFO [org.geoserver] - Loaded layer 'mosaic'
2012-08-08 00:50:37,028 INFO [org.geoserver] - Loaded store 'img_sample2', enabled
2012-08-08 00:50:37,029 INFO [org.geoserver] - Loaded coverage store 'img_sample2'
2012-08-08 00:50:37,640 INFO [org.geoserver] - Loaded coverage 'Pk50095', enabled
2012-08-08 00:50:37,642 INFO [org.geoserver] - Loaded coverage 'img_sample2'
2012-08-08 00:50:37,871 INFO [org.geoserver] - Loaded layer 'Pk50095'
2012-08-08 00:50:37,872 INFO [org.geoserver] - Loaded store 'worldImageSample', enabled
2012-08-08 00:50:37,872 INFO [org.geoserver] - Loaded coverage store 'worldImageSample'
2012-08-08 00:50:37,880 INFO [org.geoserver] - Loaded coverage 'Img_Sample', enabled
2012-08-08 00:50:37,883 INFO [org.geoserver] - Loaded coverage 'worldImageSample'
2012-08-08 00:50:37,907 INFO [org.geoserver] - Loaded layer 'Img_Sample'
2012-08-08 00:50:37,909 INFO [org.geoserver] - Loaded store 'arcGridSample', enabled
2012-08-08 00:50:37,909 INFO [org.geoserver] - Loaded coverage store 'arcGridSample'
2012-08-08 00:50:37,919 INFO [org.geoserver] - Loaded coverage 'Arc_Sample', enabled
2012-08-08 00:50:37,924 INFO [org.geoserver] - Loaded coverage 'arcGridSample'
2012-08-08 00:50:38,001 INFO [org.geoserver] - Loaded layer 'Arc_Sample'
2012-08-08 00:50:38,004 INFO [org.geoserver] - Loaded store 'sf', enabled
2012-08-08 00:50:38,009 INFO [org.geoserver] - Loaded data store 'sf'
2012-08-08 00:50:38,474 INFO [org.geoserver] - Loaded feature type 'roads', enabled
2012-08-08 00:50:38,486 INFO [org.geoserver] - Loaded feature type 'sf'
2012-08-08 00:50:38,489 INFO [org.geoserver] - Loaded layer 'roads'
2012-08-08 00:50:38,496 INFO [org.geoserver] - Loaded feature type 'bugsites', enabled
2012-08-08 00:50:38,497 INFO [org.geoserver] - Loaded feature type 'sf'
2012-08-08 00:50:38,511 INFO [org.geoserver] - Loaded layer 'bugsites'
2012-08-08 00:50:38,522 INFO [org.geoserver] - Loaded feature type 'restricted', enabled
2012-08-08 00:50:38,523 INFO [org.geoserver] - Loaded feature type 'sf'
2012-08-08 00:50:38,525 INFO [org.geoserver] - Loaded layer 'restricted'
2012-08-08 00:50:38,533 INFO [org.geoserver] - Loaded feature type 'streams', enabled
2012-08-08 00:50:38,534 INFO [org.geoserver] - Loaded feature type 'sf'
2012-08-08 00:50:38,536 INFO [org.geoserver] - Loaded layer 'streams'
2012-08-08 00:50:38,553 INFO [org.geoserver] - Loaded feature type 'archsites', enabled
2012-08-08 00:50:38,558 INFO [org.geoserver] - Loaded feature type 'sf'
2012-08-08 00:50:38,560 INFO [org.geoserver] - Loaded layer 'archsites'
2012-08-08 00:50:38,561 INFO [org.geoserver] - Loaded store 'sfdem', enabled
2012-08-08 00:50:38,562 INFO [org.geoserver] - Loaded coverage store 'sfdem'
2012-08-08 00:50:38,570 INFO [org.geoserver] - Loaded coverage 'sfdem', enabled
2012-08-08 00:50:38,581 INFO [org.geoserver] - Loaded coverage 'sfdem'
2012-08-08 00:50:38,688 INFO [org.geoserver] - Loaded layer 'sfdem'
2012-08-08 00:50:38,689 INFO [org.geoserver] - Loaded store 'nyc', enabled
2012-08-08 00:50:38,690 INFO [org.geoserver] - Loaded data store 'nyc'
2012-08-08 00:50:38,721 INFO [org.geoserver] - Loaded feature type 'poi', enabled
2012-08-08 00:50:38,721 INFO [org.geoserver] - Loaded feature type 'nyc'
2012-08-08 00:50:38,734 INFO [org.geoserver] - Loaded layer 'poi'
2012-08-08 00:50:38,738 INFO [org.geoserver] - Loaded feature type 'giant_polygon', enabled
2012-08-08 00:50:38,739 INFO [org.geoserver] - Loaded feature type 'nyc'
2012-08-08 00:50:38,740 INFO [org.geoserver] - Loaded layer 'giant_polygon'
2012-08-08 00:50:38,755 INFO [org.geoserver] - Loaded feature type 'tiger_roads', enabled
2012-08-08 00:50:38,756 INFO [org.geoserver] - Loaded feature type 'nyc'
2012-08-08 00:50:38,759 INFO [org.geoserver] - Loaded layer 'tiger_roads'
2012-08-08 00:50:38,769 INFO [org.geoserver] - Loaded feature type 'poly_landmarks', enabled
2012-08-08 00:50:38,775 INFO [org.geoserver] - Loaded feature type 'nyc'
2012-08-08 00:50:38,777 INFO [org.geoserver] - Loaded layer 'poly_landmarks'
2012-08-08 00:50:38,779 INFO [org.geoserver] - Loaded store 'taz_shapes', enabled
2012-08-08 00:50:38,779 INFO [org.geoserver] - Loaded data store 'taz_shapes'
2012-08-08 00:50:38,811 INFO [org.geoserver] - Loaded feature type 'tasmania_state_boundaries', enabled
2012-08-08 00:50:38,812 INFO [org.geoserver] - Loaded feature type 'taz_shapes'
2012-08-08 00:50:38,824 INFO [org.geoserver] - Loaded layer 'tasmania_state_boundaries'
2012-08-08 00:50:38,830 INFO [org.geoserver] - Loaded feature type 'tasmania_cities', enabled
2012-08-08 00:50:38,845 INFO [org.geoserver] - Loaded feature type 'taz_shapes'
2012-08-08 00:50:38,850 INFO [org.geoserver] - Loaded layer 'tasmania_cities'
2012-08-08 00:50:38,863 INFO [org.geoserver] - Loaded feature type 'tasmania_water_bodies', enabled
2012-08-08 00:50:38,864 INFO [org.geoserver] - Loaded feature type 'taz_shapes'
2012-08-08 00:50:38,867 INFO [org.geoserver] - Loaded layer 'tasmania_water_bodies'
2012-08-08 00:50:38,884 INFO [org.geoserver] - Loaded feature type 'tasmania_roads', enabled
2012-08-08 00:50:38,885 INFO [org.geoserver] - Loaded feature type 'taz_shapes'
2012-08-08 00:50:38,887 INFO [org.geoserver] - Loaded layer 'tasmania_roads'
2012-08-08 00:50:38,888 INFO [org.geoserver] - Loaded store 'states_shapefile', enabled
2012-08-08 00:50:38,888 INFO [org.geoserver] - Loaded data store 'states_shapefile'
2012-08-08 00:50:38,926 INFO [org.geoserver] - Loaded feature type 'states', enabled
2012-08-08 00:50:38,927 INFO [org.geoserver] - Loaded feature type 'states_shapefile'
2012-08-08 00:50:38,929 INFO [org.geoserver] - Loaded layer 'states'
2012-08-08 00:50:38,941 INFO [org.geoserver] - Loaded layer group 'tasmania'
2012-08-08 00:50:38,954 INFO [org.geoserver] - Loaded layer group 'tiger-ny'
2012-08-08 00:50:38,957 INFO [org.geoserver] - Loaded layer group 'spearfish'
2012-08-08 00:50:39,435 INFO [org.geoserver] - Loaded service 'wfs', enabled
2012-08-08 00:50:39,525 INFO [org.geoserver] - Loaded service 'wms', enabled
2012-08-08 00:50:39,561 INFO [org.geoserver] - Loaded service 'wcs', enabled
2012-08-08 00:50:39,607 INFO [gwc.config] - Initializing GeoServer specific GWC configuration from gwc-gs.xml
2012-08-08 00:50:39,832 INFO [org.geoserver] - GeoServer configuration lock is enabled
2012-08-08 00:50:41,139 INFO [storage.DefaultStorageFinder] - ***************************************************************************************************************************************
2012-08-08 00:50:41,139 INFO [storage.DefaultStorageFinder] - *** Found Java environment variable GEOSERVER_DATA_DIR set to /opt/geoserver-2.1.4/bin/../data_dir, using it as the default prefix. ***
2012-08-08 00:50:41,139 INFO [storage.DefaultStorageFinder] - ***************************************************************************************************************************************
2012-08-08 00:50:41,765 INFO [jdbc.JDBCMBWrapper] - MetaStore database is version 120
2012-08-08 00:50:41,816 INFO [config.XMLConfiguration] - Will look for geowebcache.xml in '/opt/geoserver-2.1.4/bin/../data_dir/gwc'
2012-08-08 00:50:41,826 WARN [config.XMLConfiguration] - Found no configuration file in config directory, will create one at '/opt/geoserver-2.1.4/bin/../data_dir/gwc/geowebcache.xml' from template jar:file:/opt/geoserver-2.1.4/webapps/geoserver/WEB-INF/lib/gwc-core-1.3-RC3.jar!/geowebcache_empty.xml
2012-08-08 00:50:42,154 INFO [config.XMLConfiguration] - Configuration file validated fine.
2012-08-08 00:50:42,202 INFO [config.XMLConfiguration] - Initializing GridSets from /opt/geoserver-2.1.4/bin/../data_dir/gwc
2012-08-08 00:50:42,202 INFO [config.XMLConfiguration] - Initializing layers from /opt/geoserver-2.1.4/bin/../data_dir/gwc
2012-08-08 00:50:42,202 INFO [layer.TileLayerDispatcher] - Configuration /opt/geoserver-2.1.4/bin/../data_dir/gwc contained no layers.
2012-08-08 00:50:42,288 INFO [storage.EntityStoreBuilder] - Neither disk quota page store' cache memory percent nor cache size was provided. Defaulting to 25% Heap Size
2012-08-08 00:50:43,664 INFO [storage.BDBQuotaStore] - Berkeley DB JE Disk Quota page store configured at /opt/geoserver-2.1.4/bin/../data_dir/gwc/diskquota_page_store
2012-08-08 00:50:43,667 INFO [storage.BDBQuotaStore] - Quota Store initialized. Global quota: 0.0 B
2012-08-08 00:50:43,672 INFO [diskquota.ConfigLoader] - DiskQuota configuration not found: /opt/geoserver-2.1.4/bin/../data_dir/gwc/geowebcache-diskquota.xml
2012-08-08 00:50:43,685 INFO [diskquota.DiskQuotaMonitor] - Setting up disk quota periodic enforcement task
2012-08-08 00:50:43,687 INFO [diskquota.DiskQuotaMonitor] - 0 layers configured with their own quotas. 
2012-08-08 00:50:43,688 INFO [diskquota.DiskQuotaMonitor] - 22 layers attached to global quota 500.0 MB
2012-08-08 00:50:43,724 INFO [diskquota.DiskQuotaMonitor] - Disk quota periodic enforcement task set up every 10 SECONDS
2012-08-08 00:50:43,852 INFO [geowebcache.GeoWebCacheDispatcher] - Invoked setServletPrefix(gwc)
2012-08-08 00:50:43,866 INFO [georss.GeoRSSPoller] - Initializing GeoRSS poller in a background job...
2012-08-08 00:50:43,869 INFO [georss.GeoRSSPoller] - No enabled GeoRSS feeds found, poller will not run.
2012-08-08 00:50:43,972 INFO [rest.RESTDispatcher] - Created RESTDispatcher with 11 paths
2012-08-08 00:50:43,987 INFO [wms.WMSService] - Will NOT recombine tiles for non-tiling clients.
2012-08-08 00:50:43,987 INFO [wms.WMSService] - Will proxy requests to backend that are not getmap or getcapabilities.
2012-08-08 00:51:38,279 INFO [georss.GeoRSSPoller] - destroy() invoked
2012-08-08 00:51:38,282 INFO [geowebcache.GeoWebCacheDispatcher] - GeoWebCacheDispatcher.destroy() was invoked, shutting down.
2012-08-08 00:51:38,284 INFO [diskquota.DiskQuotaMonitor] - Disk quota monitor shutting down...
2012-08-08 00:51:38,288 INFO [diskquota.DiskQuotaMonitor] - Shutting down quota usage monitor...
2012-08-08 00:51:38,288 INFO [diskquota.QuotaUpdatesMonitor] - Shutting down quota usage monitor...
2012-08-08 00:51:38,288 INFO [diskquota.QueuedQuotaUpdatesConsumer] - Shutting down quota update background task due to InterruptedException
2012-08-08 00:51:38,289 INFO [diskquota.DiskQuotaMonitor] - Shutting down quota statistics gathering monitor...
2012-08-08 00:51:38,293 INFO [diskquota.QueuedUsageStatsConsumer] - Shutting down quota update background task due to interrupted exception
2012-08-08 00:51:38,302 INFO [storage.BDBQuotaStore] - Requesting to close quota store...
2012-08-08 00:51:38,390 INFO [storage.BDBQuotaStore] - Quota store closed.
2012-08-08 00:51:38,390 INFO [seed.SeederThreadPoolExecutor] - Initiating shut down for running and pending seed tasks...
2012-08-08 00:51:38,390 INFO [seed.SeederThreadPoolExecutor] - Seeder thread pool executor shut down complete.
2012-08-08 00:51:38,391 INFO [storage.StorageBroker] - Destroying StorageBroker
2012-08-08 00:51:39,661 INFO [geoserver.catalog] - Disposing datastore 'DataStoreInfoImpl--570ae188:124761b8d78:-7fdb'
2012-08-08 00:51:39,662 INFO [geoserver.catalog] - Disposing datastore 'DataStoreInfoImpl--570ae188:124761b8d78:-7fda'
2012-08-08 00:51:39,662 INFO [geoserver.catalog] - Disposing datastore 'DataStoreInfoImpl--570ae188:124761b8d78:-7fdc'
2012-08-08 00:51:39,663 INFO [geoserver.catalog] - Disposing datastore 'DataStoreInfoImpl--570ae188:124761b8d78:-7fd9'
2012-08-08 00:51:39,663 INFO [geoserver.catalog] - Disposing grid coverage reader 'mosaic'
2012-08-08 00:51:39,664 INFO [geoserver.catalog] - Disposing grid coverage reader 'img_sample2'
2012-08-08 00:51:39,664 INFO [geoserver.catalog] - Disposing grid coverage reader 'worldImageSample'
2012-08-08 00:51:39,664 INFO [geoserver.catalog] - Disposing grid coverage reader 'arcGridSample'
2012-08-08 00:51:39,664 INFO [geoserver.catalog] - Disposing grid coverage reader 'sfdem'
2012-08-11 01:37:36,546 ERROR [geoserver.global] - 
----------------------------------
- GEOSERVER_DATA_DIR: /opt/geoserver-2.1.4/data_dir
----------------------------------
2012-08-11 01:37:36,881 INFO [org.geoserver] - Loaded style 'point'
2012-08-11 01:37:36,893 INFO [org.geoserver] - Loaded style 'pophatch'
2012-08-11 01:37:36,894 INFO [org.geoserver] - Loaded style 'dem'
2012-08-11 01:37:36,895 INFO [org.geoserver] - Loaded style 'simple_streams'
2012-08-11 01:37:36,897 INFO [org.geoserver] - Loaded style 'tiger_roads'
2012-08-11 01:37:36,898 INFO [org.geoserver] - Loaded style 'population'
2012-08-11 01:37:36,903 INFO [org.geoserver] - Loaded style 'capitals'
2012-08-11 01:37:36,904 INFO [org.geoserver] - Loaded style 'line'
2012-08-11 01:37:36,905 INFO [org.geoserver] - Loaded style 'raster'
2012-08-11 01:37:36,912 INFO [org.geoserver] - Loaded style 'restricted'
2012-08-11 01:37:36,913 INFO [org.geoserver] - Loaded style 'rain'
2012-08-11 01:37:36,914 INFO [org.geoserver] - Loaded style 'polygon'
2012-08-11 01:37:36,915 INFO [org.geoserver] - Loaded style 'poi'
2012-08-11 01:37:36,916 INFO [org.geoserver] - Loaded style 'simple_roads'
2012-08-11 01:37:36,918 INFO [org.geoserver] - Loaded style 'burg'
2012-08-11 01:37:36,925 INFO [org.geoserver] - Loaded style 'green'
2012-08-11 01:37:36,927 INFO [org.geoserver] - Loaded style 'giant_polygon'
2012-08-11 01:37:36,928 INFO [org.geoserver] - Loaded style 'cite_lakes'
2012-08-11 01:37:36,930 INFO [org.geoserver] - Loaded style 'poly_landmarks'
2012-08-11 01:37:36,934 INFO [org.geoserver] - Loaded style 'grass'
2012-08-11 01:37:36,938 INFO [org.geoserver] - Loaded default workspace nurc
2012-08-11 01:37:36,952 INFO [org.geoserver] - Loaded workspace 'nurc'
2012-08-11 01:37:36,966 INFO [org.geoserver] - Loaded workspace 'cite'
2012-08-11 01:37:36,968 INFO [org.geoserver] - Loaded workspace 'sf'
2012-08-11 01:37:36,980 INFO [org.geoserver] - Loaded workspace 'it.geosolutions'
2012-08-11 01:37:36,982 INFO [org.geoserver] - Loaded workspace 'tiger'
2012-08-11 01:37:36,986 INFO [org.geoserver] - Loaded workspace 'topp'
2012-08-11 01:37:36,995 INFO [org.geoserver] - Loaded workspace 'sde'
2012-08-11 01:37:37,013 INFO [org.geoserver] - Loaded store 'mosaic', enabled
2012-08-11 01:37:37,029 INFO [org.geoserver] - Loaded coverage store 'mosaic'
2012-08-11 01:37:38,252 WARN [referencing.factory] - Axis elements found in a wkt definition, the force longitude first axis order hint might not be respected:
PROJCS["WGS84 / Simple Mercator", GEOGCS["WGS 84", DATUM["WGS_1984", SPHEROID["WGS_1984", 6378137.0, 298.257223563]], PRIMEM["Greenwich", 0.0], UNIT["degree", 0.017453292519943295]], PROJECTION["Mercator_1SP_Google"], PARAMETER["latitude_of_origin", 0.0], PARAMETER["central_meridian", 0.0], PARAMETER["scale_factor", 1.0], PARAMETER["false_easting", 0.0], PARAMETER["false_northing", 0.0], UNIT["m", 1.0], AXIS["x", EAST], AXIS["y", NORTH], AUTHORITY["EPSG","54004"]]
2012-08-11 01:37:38,600 INFO [org.geoserver] - Loaded coverage 'mosaic', enabled
2012-08-11 01:37:38,616 INFO [org.geoserver] - Loaded coverage 'mosaic'
2012-08-11 01:37:39,604 WARN [imagemosaic.catalog] - BBOXFilterExtractor::extractBasicProperties(): passed typename is null, using: mosaic
2012-08-11 01:37:40,058 WARN [imagemosaic.Utils] - Unable to find sample image for path /opt/geoserver-2.1.4/data_dir/coverages/mosaic_sample/sample_image
2012-08-11 01:37:40,058 WARN [gce.imagemosaic] - Unable to find sample image for path file:/opt/geoserver-2.1.4/data_dir/coverages/mosaic_sample/mosaic.shp
2012-08-11 01:37:40,065 INFO [org.geoserver] - Loaded layer 'mosaic'
2012-08-11 01:37:40,075 INFO [org.geoserver] - Loaded store 'img_sample2', enabled
2012-08-11 01:37:40,075 INFO [org.geoserver] - Loaded coverage store 'img_sample2'
2012-08-11 01:37:40,746 INFO [org.geoserver] - Loaded coverage 'Pk50095', enabled
2012-08-11 01:37:40,747 INFO [org.geoserver] - Loaded coverage 'img_sample2'
2012-08-11 01:37:41,027 INFO [org.geoserver] - Loaded layer 'Pk50095'
2012-08-11 01:37:41,038 INFO [org.geoserver] - Loaded store 'worldImageSample', enabled
2012-08-11 01:37:41,038 INFO [org.geoserver] - Loaded coverage store 'worldImageSample'
2012-08-11 01:37:41,049 INFO [org.geoserver] - Loaded coverage 'Img_Sample', enabled
2012-08-11 01:37:41,050 INFO [org.geoserver] - Loaded coverage 'worldImageSample'
2012-08-11 01:37:41,194 INFO [org.geoserver] - Loaded layer 'Img_Sample'
2012-08-11 01:37:41,195 INFO [org.geoserver] - Loaded store 'arcGridSample', enabled
2012-08-11 01:37:41,196 INFO [org.geoserver] - Loaded coverage store 'arcGridSample'
2012-08-11 01:37:41,202 INFO [org.geoserver] - Loaded coverage 'Arc_Sample', enabled
2012-08-11 01:37:41,203 INFO [org.geoserver] - Loaded coverage 'arcGridSample'
2012-08-11 01:37:41,277 INFO [org.geoserver] - Loaded layer 'Arc_Sample'
2012-08-11 01:37:41,288 INFO [org.geoserver] - Loaded store 'sf', enabled
2012-08-11 01:37:41,297 INFO [org.geoserver] - Loaded data store 'sf'
2012-08-11 01:37:42,082 INFO [org.geoserver] - Loaded feature type 'roads', enabled
2012-08-11 01:37:42,103 INFO [org.geoserver] - Loaded feature type 'sf'
2012-08-11 01:37:42,107 INFO [org.geoserver] - Loaded layer 'roads'
2012-08-11 01:37:42,121 INFO [org.geoserver] - Loaded feature type 'bugsites', enabled
2012-08-11 01:37:42,122 INFO [org.geoserver] - Loaded feature type 'sf'
2012-08-11 01:37:42,135 INFO [org.geoserver] - Loaded layer 'bugsites'
2012-08-11 01:37:42,142 INFO [org.geoserver] - Loaded feature type 'restricted', enabled
2012-08-11 01:37:42,149 INFO [org.geoserver] - Loaded feature type 'sf'
2012-08-11 01:37:42,157 INFO [org.geoserver] - Loaded layer 'restricted'
2012-08-11 01:37:42,165 INFO [org.geoserver] - Loaded feature type 'streams', enabled
2012-08-11 01:37:42,166 INFO [org.geoserver] - Loaded feature type 'sf'
2012-08-11 01:37:42,176 INFO [org.geoserver] - Loaded layer 'streams'
2012-08-11 01:37:42,204 INFO [org.geoserver] - Loaded feature type 'archsites', enabled
2012-08-11 01:37:42,205 INFO [org.geoserver] - Loaded feature type 'sf'
2012-08-11 01:37:42,215 INFO [org.geoserver] - Loaded layer 'archsites'
2012-08-11 01:37:42,217 INFO [org.geoserver] - Loaded store 'sfdem', enabled
2012-08-11 01:37:42,218 INFO [org.geoserver] - Loaded coverage store 'sfdem'
2012-08-11 01:37:42,232 INFO [org.geoserver] - Loaded coverage 'sfdem', enabled
2012-08-11 01:37:42,241 INFO [org.geoserver] - Loaded coverage 'sfdem'
2012-08-11 01:37:42,340 INFO [org.geoserver] - Loaded layer 'sfdem'
2012-08-11 01:37:42,353 INFO [org.geoserver] - Loaded store 'nyc', enabled
2012-08-11 01:37:42,354 INFO [org.geoserver] - Loaded data store 'nyc'
2012-08-11 01:37:42,385 INFO [org.geoserver] - Loaded feature type 'poi', enabled
2012-08-11 01:37:42,386 INFO [org.geoserver] - Loaded feature type 'nyc'
2012-08-11 01:37:42,395 INFO [org.geoserver] - Loaded layer 'poi'
2012-08-11 01:37:42,399 INFO [org.geoserver] - Loaded feature type 'giant_polygon', enabled
2012-08-11 01:37:42,400 INFO [org.geoserver] - Loaded feature type 'nyc'
2012-08-11 01:37:42,407 INFO [org.geoserver] - Loaded layer 'giant_polygon'
2012-08-11 01:37:42,418 INFO [org.geoserver] - Loaded feature type 'tiger_roads', enabled
2012-08-11 01:37:42,418 INFO [org.geoserver] - Loaded feature type 'nyc'
2012-08-11 01:37:42,428 INFO [org.geoserver] - Loaded layer 'tiger_roads'
2012-08-11 01:37:42,433 INFO [org.geoserver] - Loaded feature type 'poly_landmarks', enabled
2012-08-11 01:37:42,442 INFO [org.geoserver] - Loaded feature type 'nyc'
2012-08-11 01:37:42,445 INFO [org.geoserver] - Loaded layer 'poly_landmarks'
2012-08-11 01:37:42,446 INFO [org.geoserver] - Loaded store 'taz_shapes', enabled
2012-08-11 01:37:42,447 INFO [org.geoserver] - Loaded data store 'taz_shapes'
2012-08-11 01:37:42,479 INFO [org.geoserver] - Loaded feature type 'tasmania_state_boundaries', enabled
2012-08-11 01:37:42,487 INFO [org.geoserver] - Loaded feature type 'taz_shapes'
2012-08-11 01:37:42,489 INFO [org.geoserver] - Loaded layer 'tasmania_state_boundaries'
2012-08-11 01:37:42,506 INFO [org.geoserver] - Loaded feature type 'tasmania_cities', enabled
2012-08-11 01:37:42,509 INFO [org.geoserver] - Loaded feature type 'taz_shapes'
2012-08-11 01:37:42,514 INFO [org.geoserver] - Loaded layer 'tasmania_cities'
2012-08-11 01:37:42,530 INFO [org.geoserver] - Loaded feature type 'tasmania_water_bodies', enabled
2012-08-11 01:37:42,531 INFO [org.geoserver] - Loaded feature type 'taz_shapes'
2012-08-11 01:37:42,537 INFO [org.geoserver] - Loaded layer 'tasmania_water_bodies'
2012-08-11 01:37:42,548 INFO [org.geoserver] - Loaded feature type 'tasmania_roads', enabled
2012-08-11 01:37:42,549 INFO [org.geoserver] - Loaded feature type 'taz_shapes'
2012-08-11 01:37:42,555 INFO [org.geoserver] - Loaded layer 'tasmania_roads'
2012-08-11 01:37:42,556 INFO [org.geoserver] - Loaded store 'states_shapefile', enabled
2012-08-11 01:37:42,557 INFO [org.geoserver] - Loaded data store 'states_shapefile'
2012-08-11 01:37:42,592 INFO [org.geoserver] - Loaded feature type 'states', enabled
2012-08-11 01:37:42,593 INFO [org.geoserver] - Loaded feature type 'states_shapefile'
2012-08-11 01:37:42,596 INFO [org.geoserver] - Loaded layer 'states'
2012-08-11 01:37:42,610 INFO [org.geoserver] - Loaded layer group 'tasmania'
2012-08-11 01:37:42,619 INFO [org.geoserver] - Loaded layer group 'tiger-ny'
2012-08-11 01:37:42,628 INFO [org.geoserver] - Loaded layer group 'spearfish'
2012-08-11 01:37:43,073 INFO [org.geoserver] - Loaded service 'wfs', enabled
2012-08-11 01:37:43,169 INFO [org.geoserver] - Loaded service 'wms', enabled
2012-08-11 01:37:43,193 INFO [org.geoserver] - Loaded service 'wcs', enabled
2012-08-11 01:37:43,252 INFO [gwc.config] - Initializing GeoServer specific GWC configuration from gwc-gs.xml
2012-08-11 01:37:43,362 INFO [org.geoserver] - GeoServer configuration lock is enabled
2012-08-11 01:37:44,998 INFO [storage.DefaultStorageFinder] - ********************************************************************************************************************************
2012-08-11 01:37:44,999 INFO [storage.DefaultStorageFinder] - *** Found Java environment variable GEOSERVER_DATA_DIR set to /opt/geoserver-2.1.4/data_dir, using it as the default prefix. ***
2012-08-11 01:37:44,999 INFO [storage.DefaultStorageFinder] - ********************************************************************************************************************************
2012-08-11 01:37:45,585 INFO [jdbc.JDBCMBWrapper] - MetaStore database is version 120
2012-08-11 01:37:45,626 INFO [config.XMLConfiguration] - Will look for geowebcache.xml in '/opt/geoserver-2.1.4/data_dir/gwc'
2012-08-11 01:37:45,635 INFO [config.XMLConfiguration] - Found configuration file in /opt/geoserver-2.1.4/data_dir/gwc
2012-08-11 01:37:45,994 INFO [config.XMLConfiguration] - Configuration file validated fine.
2012-08-11 01:37:46,042 INFO [config.XMLConfiguration] - Initializing GridSets from /opt/geoserver-2.1.4/data_dir/gwc
2012-08-11 01:37:46,043 INFO [config.XMLConfiguration] - Initializing layers from /opt/geoserver-2.1.4/data_dir/gwc
2012-08-11 01:37:46,043 INFO [layer.TileLayerDispatcher] - Configuration /opt/geoserver-2.1.4/data_dir/gwc contained no layers.
2012-08-11 01:37:46,180 INFO [storage.EntityStoreBuilder] - Neither disk quota page store' cache memory percent nor cache size was provided. Defaulting to 25% Heap Size
2012-08-11 01:37:47,644 INFO [storage.BDBQuotaStore] - Berkeley DB JE Disk Quota page store configured at /opt/geoserver-2.1.4/data_dir/gwc/diskquota_page_store
2012-08-11 01:37:47,647 INFO [storage.BDBQuotaStore] - Quota Store initialized. Global quota: 0.0 B
2012-08-11 01:37:47,652 INFO [diskquota.ConfigLoader] - DiskQuota configuration not found: /opt/geoserver-2.1.4/data_dir/gwc/geowebcache-diskquota.xml
2012-08-11 01:37:47,663 INFO [diskquota.DiskQuotaMonitor] - Setting up disk quota periodic enforcement task
2012-08-11 01:37:47,676 INFO [diskquota.DiskQuotaMonitor] - 0 layers configured with their own quotas. 
2012-08-11 01:37:47,677 INFO [diskquota.DiskQuotaMonitor] - 22 layers attached to global quota 500.0 MB
2012-08-11 01:37:47,721 INFO [diskquota.DiskQuotaMonitor] - Disk quota periodic enforcement task set up every 10 SECONDS
2012-08-11 01:37:47,845 INFO [geowebcache.GeoWebCacheDispatcher] - Invoked setServletPrefix(gwc)
2012-08-11 01:37:47,849 INFO [georss.GeoRSSPoller] - Initializing GeoRSS poller in a background job...
2012-08-11 01:37:47,861 INFO [georss.GeoRSSPoller] - No enabled GeoRSS feeds found, poller will not run.
2012-08-11 01:37:47,948 INFO [rest.RESTDispatcher] - Created RESTDispatcher with 11 paths
2012-08-11 01:37:47,963 INFO [wms.WMSService] - Will NOT recombine tiles for non-tiling clients.
2012-08-11 01:37:47,964 INFO [wms.WMSService] - Will proxy requests to backend that are not getmap or getcapabilities.
2012-08-11 01:42:10,222 INFO [georss.GeoRSSPoller] - destroy() invoked
2012-08-11 01:42:10,224 INFO [geowebcache.GeoWebCacheDispatcher] - GeoWebCacheDispatcher.destroy() was invoked, shutting down.
2012-08-11 01:42:10,225 INFO [diskquota.DiskQuotaMonitor] - Disk quota monitor shutting down...
2012-08-11 01:42:10,226 INFO [diskquota.DiskQuotaMonitor] - Shutting down quota usage monitor...
2012-08-11 01:42:10,227 INFO [diskquota.QuotaUpdatesMonitor] - Shutting down quota usage monitor...
2012-08-11 01:42:10,227 INFO [diskquota.QueuedQuotaUpdatesConsumer] - Shutting down quota update background task due to InterruptedException
2012-08-11 01:42:10,227 INFO [diskquota.DiskQuotaMonitor] - Shutting down quota statistics gathering monitor...
2012-08-11 01:42:10,231 INFO [diskquota.QueuedUsageStatsConsumer] - Shutting down quota update background task due to interrupted exception
2012-08-11 01:42:10,232 INFO [storage.BDBQuotaStore] - Requesting to close quota store...
2012-08-11 01:42:10,246 INFO [storage.BDBQuotaStore] - Quota store closed.
2012-08-11 01:42:10,247 INFO [seed.SeederThreadPoolExecutor] - Initiating shut down for running and pending seed tasks...
2012-08-11 01:42:10,247 INFO [seed.SeederThreadPoolExecutor] - Seeder thread pool executor shut down complete.
2012-08-11 01:42:10,247 INFO [storage.StorageBroker] - Destroying StorageBroker
2012-08-11 01:42:11,851 INFO [geoserver.catalog] - Disposing datastore 'DataStoreInfoImpl--570ae188:124761b8d78:-7fdb'
2012-08-11 01:42:11,852 INFO [geoserver.catalog] - Disposing datastore 'DataStoreInfoImpl--570ae188:124761b8d78:-7fda'
2012-08-11 01:42:11,852 INFO [geoserver.catalog] - Disposing datastore 'DataStoreInfoImpl--570ae188:124761b8d78:-7fdc'
2012-08-11 01:42:11,853 INFO [geoserver.catalog] - Disposing datastore 'DataStoreInfoImpl--570ae188:124761b8d78:-7fd9'
2012-08-11 01:42:11,853 INFO [geoserver.catalog] - Disposing grid coverage reader 'mosaic'
2012-08-11 01:42:11,853 INFO [geoserver.catalog] - Disposing grid coverage reader 'img_sample2'
2012-08-11 01:42:11,854 INFO [geoserver.catalog] - Disposing grid coverage reader 'worldImageSample'
2012-08-11 01:42:11,854 INFO [geoserver.catalog] - Disposing grid coverage reader 'arcGridSample'
2012-08-11 01:42:11,854 INFO [geoserver.catalog] - Disposing grid coverage reader 'sfdem'
2012-08-11 01:42:23,964 ERROR [geoserver.global] - 
----------------------------------
- GEOSERVER_DATA_DIR: /opt/geoserver-2.1.4/data_dir
----------------------------------
2012-08-11 01:42:24,332 INFO [org.geoserver] - Loaded style 'point'
2012-08-11 01:42:24,343 INFO [org.geoserver] - Loaded style 'pophatch'
2012-08-11 01:42:24,344 INFO [org.geoserver] - Loaded style 'dem'
2012-08-11 01:42:24,345 INFO [org.geoserver] - Loaded style 'simple_streams'
2012-08-11 01:42:24,345 INFO [org.geoserver] - Loaded style 'tiger_roads'
2012-08-11 01:42:24,346 INFO [org.geoserver] - Loaded style 'population'
2012-08-11 01:42:24,347 INFO [org.geoserver] - Loaded style 'capitals'
2012-08-11 01:42:24,348 INFO [org.geoserver] - Loaded style 'line'
2012-08-11 01:42:24,348 INFO [org.geoserver] - Loaded style 'raster'
2012-08-11 01:42:24,355 INFO [org.geoserver] - Loaded style 'restricted'
2012-08-11 01:42:24,356 INFO [org.geoserver] - Loaded style 'rain'
2012-08-11 01:42:24,357 INFO [org.geoserver] - Loaded style 'polygon'
2012-08-11 01:42:24,358 INFO [org.geoserver] - Loaded style 'poi'
2012-08-11 01:42:24,359 INFO [org.geoserver] - Loaded style 'simple_roads'
2012-08-11 01:42:24,360 INFO [org.geoserver] - Loaded style 'burg'
2012-08-11 01:42:24,371 INFO [org.geoserver] - Loaded style 'green'
2012-08-11 01:42:24,372 INFO [org.geoserver] - Loaded style 'giant_polygon'
2012-08-11 01:42:24,373 INFO [org.geoserver] - Loaded style 'cite_lakes'
2012-08-11 01:42:24,374 INFO [org.geoserver] - Loaded style 'poly_landmarks'
2012-08-11 01:42:24,375 INFO [org.geoserver] - Loaded style 'grass'
2012-08-11 01:42:24,377 INFO [org.geoserver] - Loaded default workspace nurc
2012-08-11 01:42:24,394 INFO [org.geoserver] - Loaded workspace 'nurc'
2012-08-11 01:42:24,397 INFO [org.geoserver] - Loaded workspace 'cite'
2012-08-11 01:42:24,406 INFO [org.geoserver] - Loaded workspace 'sf'
2012-08-11 01:42:24,408 INFO [org.geoserver] - Loaded workspace 'it.geosolutions'
2012-08-11 01:42:24,409 INFO [org.geoserver] - Loaded workspace 'tiger'
2012-08-11 01:42:24,411 INFO [org.geoserver] - Loaded workspace 'topp'
2012-08-11 01:42:24,423 INFO [org.geoserver] - Loaded workspace 'sde'
2012-08-11 01:42:24,443 INFO [org.geoserver] - Loaded store 'mosaic', enabled
2012-08-11 01:42:24,452 INFO [org.geoserver] - Loaded coverage store 'mosaic'
2012-08-11 01:42:25,556 WARN [referencing.factory] - Axis elements found in a wkt definition, the force longitude first axis order hint might not be respected:
PROJCS["WGS84 / Simple Mercator", GEOGCS["WGS 84", DATUM["WGS_1984", SPHEROID["WGS_1984", 6378137.0, 298.257223563]], PRIMEM["Greenwich", 0.0], UNIT["degree", 0.017453292519943295]], PROJECTION["Mercator_1SP_Google"], PARAMETER["latitude_of_origin", 0.0], PARAMETER["central_meridian", 0.0], PARAMETER["scale_factor", 1.0], PARAMETER["false_easting", 0.0], PARAMETER["false_northing", 0.0], UNIT["m", 1.0], AXIS["x", EAST], AXIS["y", NORTH], AUTHORITY["EPSG","54004"]]
2012-08-11 01:42:25,836 INFO [org.geoserver] - Loaded coverage 'mosaic', enabled
2012-08-11 01:42:25,853 INFO [org.geoserver] - Loaded coverage 'mosaic'
2012-08-11 01:42:26,819 WARN [imagemosaic.catalog] - BBOXFilterExtractor::extractBasicProperties(): passed typename is null, using: mosaic
2012-08-11 01:42:27,401 WARN [imagemosaic.Utils] - Unable to find sample image for path /opt/geoserver-2.1.4/data_dir/coverages/mosaic_sample/sample_image
2012-08-11 01:42:27,402 WARN [gce.imagemosaic] - Unable to find sample image for path file:/opt/geoserver-2.1.4/data_dir/coverages/mosaic_sample/mosaic.shp
2012-08-11 01:42:27,423 INFO [org.geoserver] - Loaded layer 'mosaic'
2012-08-11 01:42:27,425 INFO [org.geoserver] - Loaded store 'img_sample2', enabled
2012-08-11 01:42:27,426 INFO [org.geoserver] - Loaded coverage store 'img_sample2'
2012-08-11 01:42:28,259 INFO [org.geoserver] - Loaded coverage 'Pk50095', enabled
2012-08-11 01:42:28,260 INFO [org.geoserver] - Loaded coverage 'img_sample2'
2012-08-11 01:42:28,689 INFO [org.geoserver] - Loaded layer 'Pk50095'
2012-08-11 01:42:28,690 INFO [org.geoserver] - Loaded store 'worldImageSample', enabled
2012-08-11 01:42:28,691 INFO [org.geoserver] - Loaded coverage store 'worldImageSample'
2012-08-11 01:42:28,708 INFO [org.geoserver] - Loaded coverage 'Img_Sample', enabled
2012-08-11 01:42:28,709 INFO [org.geoserver] - Loaded coverage 'worldImageSample'
2012-08-11 01:42:28,821 INFO [org.geoserver] - Loaded layer 'Img_Sample'
2012-08-11 01:42:28,822 INFO [org.geoserver] - Loaded store 'arcGridSample', enabled
2012-08-11 01:42:28,823 INFO [org.geoserver] - Loaded coverage store 'arcGridSample'
2012-08-11 01:42:28,828 INFO [org.geoserver] - Loaded coverage 'Arc_Sample', enabled
2012-08-11 01:42:28,829 INFO [org.geoserver] - Loaded coverage 'arcGridSample'
2012-08-11 01:42:28,898 INFO [org.geoserver] - Loaded layer 'Arc_Sample'
2012-08-11 01:42:28,911 INFO [org.geoserver] - Loaded store 'sf', enabled
2012-08-11 01:42:28,917 INFO [org.geoserver] - Loaded data store 'sf'
2012-08-11 01:42:29,367 INFO [org.geoserver] - Loaded feature type 'roads', enabled
2012-08-11 01:42:29,393 INFO [org.geoserver] - Loaded feature type 'sf'
2012-08-11 01:42:29,396 INFO [org.geoserver] - Loaded layer 'roads'
2012-08-11 01:42:29,413 INFO [org.geoserver] - Loaded feature type 'bugsites', enabled
2012-08-11 01:42:29,414 INFO [org.geoserver] - Loaded feature type 'sf'
2012-08-11 01:42:29,417 INFO [org.geoserver] - Loaded layer 'bugsites'
2012-08-11 01:42:29,433 INFO [org.geoserver] - Loaded feature type 'restricted', enabled
2012-08-11 01:42:29,434 INFO [org.geoserver] - Loaded feature type 'sf'
2012-08-11 01:42:29,436 INFO [org.geoserver] - Loaded layer 'restricted'
2012-08-11 01:42:29,450 INFO [org.geoserver] - Loaded feature type 'streams', enabled
2012-08-11 01:42:29,460 INFO [org.geoserver] - Loaded feature type 'sf'
2012-08-11 01:42:29,463 INFO [org.geoserver] - Loaded layer 'streams'
2012-08-11 01:42:29,470 INFO [org.geoserver] - Loaded feature type 'archsites', enabled
2012-08-11 01:42:29,470 INFO [org.geoserver] - Loaded feature type 'sf'
2012-08-11 01:42:29,484 INFO [org.geoserver] - Loaded layer 'archsites'
2012-08-11 01:42:29,485 INFO [org.geoserver] - Loaded store 'sfdem', enabled
2012-08-11 01:42:29,486 INFO [org.geoserver] - Loaded coverage store 'sfdem'
2012-08-11 01:42:29,493 INFO [org.geoserver] - Loaded coverage 'sfdem', enabled
2012-08-11 01:42:29,503 INFO [org.geoserver] - Loaded coverage 'sfdem'
2012-08-11 01:42:29,609 INFO [org.geoserver] - Loaded layer 'sfdem'
2012-08-11 01:42:29,610 INFO [org.geoserver] - Loaded store 'nyc', enabled
2012-08-11 01:42:29,610 INFO [org.geoserver] - Loaded data store 'nyc'
2012-08-11 01:42:29,654 INFO [org.geoserver] - Loaded feature type 'poi', enabled
2012-08-11 01:42:29,655 INFO [org.geoserver] - Loaded feature type 'nyc'
2012-08-11 01:42:29,657 INFO [org.geoserver] - Loaded layer 'poi'
2012-08-11 01:42:29,662 INFO [org.geoserver] - Loaded feature type 'giant_polygon', enabled
2012-08-11 01:42:29,671 INFO [org.geoserver] - Loaded feature type 'nyc'
2012-08-11 01:42:29,674 INFO [org.geoserver] - Loaded layer 'giant_polygon'
2012-08-11 01:42:29,678 INFO [org.geoserver] - Loaded feature type 'tiger_roads', enabled
2012-08-11 01:42:29,679 INFO [org.geoserver] - Loaded feature type 'nyc'
2012-08-11 01:42:29,687 INFO [org.geoserver] - Loaded layer 'tiger_roads'
2012-08-11 01:42:29,693 INFO [org.geoserver] - Loaded feature type 'poly_landmarks', enabled
2012-08-11 01:42:29,693 INFO [org.geoserver] - Loaded feature type 'nyc'
2012-08-11 01:42:29,707 INFO [org.geoserver] - Loaded layer 'poly_landmarks'
2012-08-11 01:42:29,708 INFO [org.geoserver] - Loaded store 'taz_shapes', enabled
2012-08-11 01:42:29,709 INFO [org.geoserver] - Loaded data store 'taz_shapes'
2012-08-11 01:42:29,740 INFO [org.geoserver] - Loaded feature type 'tasmania_state_boundaries', enabled
2012-08-11 01:42:29,751 INFO [org.geoserver] - Loaded feature type 'taz_shapes'
2012-08-11 01:42:29,753 INFO [org.geoserver] - Loaded layer 'tasmania_state_boundaries'
2012-08-11 01:42:29,760 INFO [org.geoserver] - Loaded feature type 'tasmania_cities', enabled
2012-08-11 01:42:29,767 INFO [org.geoserver] - Loaded feature type 'taz_shapes'
2012-08-11 01:42:29,772 INFO [org.geoserver] - Loaded layer 'tasmania_cities'
2012-08-11 01:42:29,787 INFO [org.geoserver] - Loaded feature type 'tasmania_water_bodies', enabled
2012-08-11 01:42:29,795 INFO [org.geoserver] - Loaded feature type 'taz_shapes'
2012-08-11 01:42:29,797 INFO [org.geoserver] - Loaded layer 'tasmania_water_bodies'
2012-08-11 01:42:29,802 INFO [org.geoserver] - Loaded feature type 'tasmania_roads', enabled
2012-08-11 01:42:29,803 INFO [org.geoserver] - Loaded feature type 'taz_shapes'
2012-08-11 01:42:29,814 INFO [org.geoserver] - Loaded layer 'tasmania_roads'
2012-08-11 01:42:29,815 INFO [org.geoserver] - Loaded store 'states_shapefile', enabled
2012-08-11 01:42:29,815 INFO [org.geoserver] - Loaded data store 'states_shapefile'
2012-08-11 01:42:29,846 INFO [org.geoserver] - Loaded feature type 'states', enabled
2012-08-11 01:42:29,847 INFO [org.geoserver] - Loaded feature type 'states_shapefile'
2012-08-11 01:42:29,849 INFO [org.geoserver] - Loaded layer 'states'
2012-08-11 01:42:29,861 INFO [org.geoserver] - Loaded layer group 'tasmania'
2012-08-11 01:42:29,874 INFO [org.geoserver] - Loaded layer group 'tiger-ny'
2012-08-11 01:42:29,877 INFO [org.geoserver] - Loaded layer group 'spearfish'
2012-08-11 01:42:30,436 INFO [org.geoserver] - Loaded service 'wfs', enabled
2012-08-11 01:42:30,537 INFO [org.geoserver] - Loaded service 'wms', enabled
2012-08-11 01:42:30,584 INFO [org.geoserver] - Loaded service 'wcs', enabled
2012-08-11 01:42:30,652 INFO [gwc.config] - Initializing GeoServer specific GWC configuration from gwc-gs.xml
2012-08-11 01:42:30,819 INFO [org.geoserver] - GeoServer configuration lock is enabled
2012-08-11 01:42:33,088 INFO [storage.DefaultStorageFinder] - ********************************************************************************************************************************
2012-08-11 01:42:33,088 INFO [storage.DefaultStorageFinder] - *** Found Java environment variable GEOSERVER_DATA_DIR set to /opt/geoserver-2.1.4/data_dir, using it as the default prefix. ***
2012-08-11 01:42:33,088 INFO [storage.DefaultStorageFinder] - ********************************************************************************************************************************
2012-08-11 01:42:34,196 INFO [jdbc.JDBCMBWrapper] - MetaStore database is version 120
2012-08-11 01:42:34,264 INFO [config.XMLConfiguration] - Will look for geowebcache.xml in '/opt/geoserver-2.1.4/data_dir/gwc'
2012-08-11 01:42:34,288 INFO [config.XMLConfiguration] - Found configuration file in /opt/geoserver-2.1.4/data_dir/gwc
2012-08-11 01:42:34,696 INFO [config.XMLConfiguration] - Configuration file validated fine.
2012-08-11 01:42:34,795 INFO [config.XMLConfiguration] - Initializing GridSets from /opt/geoserver-2.1.4/data_dir/gwc
2012-08-11 01:42:34,795 INFO [config.XMLConfiguration] - Initializing layers from /opt/geoserver-2.1.4/data_dir/gwc
2012-08-11 01:42:34,795 INFO [layer.TileLayerDispatcher] - Configuration /opt/geoserver-2.1.4/data_dir/gwc contained no layers.
2012-08-11 01:42:34,957 INFO [storage.EntityStoreBuilder] - Neither disk quota page store' cache memory percent nor cache size was provided. Defaulting to 25% Heap Size
2012-08-11 01:42:37,012 INFO [storage.BDBQuotaStore] - Berkeley DB JE Disk Quota page store configured at /opt/geoserver-2.1.4/data_dir/gwc/diskquota_page_store
2012-08-11 01:42:37,015 INFO [storage.BDBQuotaStore] - Quota Store initialized. Global quota: 0.0 B
2012-08-11 01:42:37,020 INFO [diskquota.ConfigLoader] - DiskQuota configuration not found: /opt/geoserver-2.1.4/data_dir/gwc/geowebcache-diskquota.xml
2012-08-11 01:42:37,027 INFO [diskquota.DiskQuotaMonitor] - Setting up disk quota periodic enforcement task
2012-08-11 01:42:37,035 INFO [diskquota.DiskQuotaMonitor] - 0 layers configured with their own quotas. 
2012-08-11 01:42:37,036 INFO [diskquota.DiskQuotaMonitor] - 22 layers attached to global quota 500.0 MB
2012-08-11 01:42:37,065 INFO [diskquota.DiskQuotaMonitor] - Disk quota periodic enforcement task set up every 10 SECONDS
2012-08-11 01:42:37,223 INFO [geowebcache.GeoWebCacheDispatcher] - Invoked setServletPrefix(gwc)
2012-08-11 01:42:37,235 INFO [georss.GeoRSSPoller] - Initializing GeoRSS poller in a background job...
2012-08-11 01:42:37,240 INFO [georss.GeoRSSPoller] - No enabled GeoRSS feeds found, poller will not run.
2012-08-11 01:42:37,346 INFO [rest.RESTDispatcher] - Created RESTDispatcher with 11 paths
2012-08-11 01:42:37,363 INFO [wms.WMSService] - Will NOT recombine tiles for non-tiling clients.
2012-08-11 01:42:37,363 INFO [wms.WMSService] - Will proxy requests to backend that are not getmap or getcapabilities.
2012-08-11 01:44:40,132 WARN [geoserver.web] - Unable to find property: 'format.wms.image/png; mode=8bit' for component:  [class=org.geoserver.web.demo.MapPreviewPage]
2012-08-11 01:44:40,134 WARN [geoserver.web] - Unable to find property: 'format.wms.application/vnd.google-earth.kmz xml' for component:  [class=org.geoserver.web.demo.MapPreviewPage]
2012-08-11 01:44:40,136 WARN [geoserver.web] - Unable to find property: 'format.wms.application/vnd.google-earth.kmz' for component:  [class=org.geoserver.web.demo.MapPreviewPage]
2012-08-11 01:44:40,137 WARN [geoserver.web] - Unable to find property: 'format.wms.kmz' for component:  [class=org.geoserver.web.demo.MapPreviewPage]
2012-08-11 01:44:40,138 WARN [geoserver.web] - Unable to find property: 'format.wms.openlayers' for component:  [class=org.geoserver.web.demo.MapPreviewPage]
2012-08-11 01:44:40,140 WARN [geoserver.web] - Unable to find property: 'format.wms.text/html' for component:  [class=org.geoserver.web.demo.MapPreviewPage]
2012-08-11 01:44:40,141 WARN [geoserver.web] - Unable to find property: 'format.wms.atom' for component:  [class=org.geoserver.web.demo.MapPreviewPage]
2012-08-11 01:44:40,142 WARN [geoserver.web] - Unable to find property: 'format.wms.application/atom xml' for component:  [class=org.geoserver.web.demo.MapPreviewPage]
2012-08-11 01:44:40,147 WARN [geoserver.web] - Unable to find property: 'format.wms.application/xml' for component:  [class=org.geoserver.web.demo.MapPreviewPage]
2012-08-11 01:44:40,149 WARN [geoserver.web] - Unable to find property: 'format.wms.image/svg' for component:  [class=org.geoserver.web.demo.MapPreviewPage]
2012-08-11 01:44:40,150 WARN [geoserver.web] - Unable to find property: 'format.wms.image/svg xml' for component:  [class=org.geoserver.web.demo.MapPreviewPage]
2012-08-11 02:05:43,893 ERROR [geoserver.global] - 
----------------------------------
- GEOSERVER_DATA_DIR: /opt/geoserver-2.1.4/bin/../data_dir
----------------------------------
2012-08-11 02:05:44,458 INFO [org.geoserver] - Loaded style 'point'
2012-08-11 02:05:44,489 INFO [org.geoserver] - Loaded style 'pophatch'
2012-08-11 02:05:44,490 INFO [org.geoserver] - Loaded style 'dem'
2012-08-11 02:05:44,491 INFO [org.geoserver] - Loaded style 'simple_streams'
2012-08-11 02:05:44,493 INFO [org.geoserver] - Loaded style 'tiger_roads'
2012-08-11 02:05:44,494 INFO [org.geoserver] - Loaded style 'population'
2012-08-11 02:05:44,500 INFO [org.geoserver] - Loaded style 'capitals'
2012-08-11 02:05:44,502 INFO [org.geoserver] - Loaded style 'line'
2012-08-11 02:05:44,503 INFO [org.geoserver] - Loaded style 'raster'
2012-08-11 02:05:44,504 INFO [org.geoserver] - Loaded style 'restricted'
2012-08-11 02:05:44,505 INFO [org.geoserver] - Loaded style 'rain'
2012-08-11 02:05:44,506 INFO [org.geoserver] - Loaded style 'polygon'
2012-08-11 02:05:44,509 INFO [org.geoserver] - Loaded style 'poi'
2012-08-11 02:05:44,513 INFO [org.geoserver] - Loaded style 'simple_roads'
2012-08-11 02:05:44,514 INFO [org.geoserver] - Loaded style 'burg'
2012-08-11 02:05:44,517 INFO [org.geoserver] - Loaded style 'green'
2012-08-11 02:05:44,523 INFO [org.geoserver] - Loaded style 'giant_polygon'
2012-08-11 02:05:44,524 INFO [org.geoserver] - Loaded style 'cite_lakes'
2012-08-11 02:05:44,525 INFO [org.geoserver] - Loaded style 'poly_landmarks'
2012-08-11 02:05:44,532 INFO [org.geoserver] - Loaded style 'grass'
2012-08-11 02:05:44,546 INFO [org.geoserver] - Loaded default workspace nurc
2012-08-11 02:05:44,555 INFO [org.geoserver] - Loaded workspace 'nurc'
2012-08-11 02:05:44,572 INFO [org.geoserver] - Loaded workspace 'cite'
2012-08-11 02:05:44,575 INFO [org.geoserver] - Loaded workspace 'sf'
2012-08-11 02:05:44,587 INFO [org.geoserver] - Loaded workspace 'it.geosolutions'
2012-08-11 02:05:44,590 INFO [org.geoserver] - Loaded workspace 'tiger'
2012-08-11 02:05:44,592 INFO [org.geoserver] - Loaded workspace 'topp'
2012-08-11 02:05:44,600 INFO [org.geoserver] - Loaded workspace 'sde'
2012-08-11 02:05:44,621 INFO [org.geoserver] - Loaded store 'mosaic', enabled
2012-08-11 02:05:44,644 INFO [org.geoserver] - Loaded coverage store 'mosaic'
2012-08-11 02:05:46,094 WARN [referencing.factory] - Axis elements found in a wkt definition, the force longitude first axis order hint might not be respected:
PROJCS["WGS84 / Simple Mercator", GEOGCS["WGS 84", DATUM["WGS_1984", SPHEROID["WGS_1984", 6378137.0, 298.257223563]], PRIMEM["Greenwich", 0.0], UNIT["degree", 0.017453292519943295]], PROJECTION["Mercator_1SP_Google"], PARAMETER["latitude_of_origin", 0.0], PARAMETER["central_meridian", 0.0], PARAMETER["scale_factor", 1.0], PARAMETER["false_easting", 0.0], PARAMETER["false_northing", 0.0], UNIT["m", 1.0], AXIS["x", EAST], AXIS["y", NORTH], AUTHORITY["EPSG","54004"]]
2012-08-11 02:05:46,610 INFO [org.geoserver] - Loaded coverage 'mosaic', enabled
2012-08-11 02:05:46,631 INFO [org.geoserver] - Loaded coverage 'mosaic'
2012-08-11 02:05:47,713 WARN [imagemosaic.catalog] - BBOXFilterExtractor::extractBasicProperties(): passed typename is null, using: mosaic
2012-08-11 02:05:48,224 WARN [imagemosaic.Utils] - Unable to find sample image for path /opt/geoserver-2.1.4/bin/../data_dir/coverages/mosaic_sample/sample_image
2012-08-11 02:05:48,224 WARN [gce.imagemosaic] - Unable to find sample image for path file:/opt/geoserver-2.1.4/bin/../data_dir/coverages/mosaic_sample/mosaic.shp
2012-08-11 02:05:48,231 INFO [org.geoserver] - Loaded layer 'mosaic'
2012-08-11 02:05:48,247 INFO [org.geoserver] - Loaded store 'img_sample2', enabled
2012-08-11 02:05:48,248 INFO [org.geoserver] - Loaded coverage store 'img_sample2'
2012-08-11 02:05:49,021 INFO [org.geoserver] - Loaded coverage 'Pk50095', enabled
2012-08-11 02:05:49,022 INFO [org.geoserver] - Loaded coverage 'img_sample2'
2012-08-11 02:05:49,536 INFO [org.geoserver] - Loaded layer 'Pk50095'
2012-08-11 02:05:49,547 INFO [org.geoserver] - Loaded store 'worldImageSample', enabled
2012-08-11 02:05:49,548 INFO [org.geoserver] - Loaded coverage store 'worldImageSample'
2012-08-11 02:05:49,572 INFO [org.geoserver] - Loaded coverage 'Img_Sample', enabled
2012-08-11 02:05:49,578 INFO [org.geoserver] - Loaded coverage 'worldImageSample'
2012-08-11 02:05:49,613 INFO [org.geoserver] - Loaded layer 'Img_Sample'
2012-08-11 02:05:49,620 INFO [org.geoserver] - Loaded store 'arcGridSample', enabled
2012-08-11 02:05:49,621 INFO [org.geoserver] - Loaded coverage store 'arcGridSample'
2012-08-11 02:05:49,633 INFO [org.geoserver] - Loaded coverage 'Arc_Sample', enabled
2012-08-11 02:05:49,634 INFO [org.geoserver] - Loaded coverage 'arcGridSample'
2012-08-11 02:05:49,721 INFO [org.geoserver] - Loaded layer 'Arc_Sample'
2012-08-11 02:05:49,747 INFO [org.geoserver] - Loaded store 'sf', enabled
2012-08-11 02:05:49,753 INFO [org.geoserver] - Loaded data store 'sf'
2012-08-11 02:05:50,610 INFO [org.geoserver] - Loaded feature type 'roads', enabled
2012-08-11 02:05:50,644 INFO [org.geoserver] - Loaded feature type 'sf'
2012-08-11 02:05:50,665 INFO [org.geoserver] - Loaded layer 'roads'
2012-08-11 02:05:50,674 INFO [org.geoserver] - Loaded feature type 'bugsites', enabled
2012-08-11 02:05:50,686 INFO [org.geoserver] - Loaded feature type 'sf'
2012-08-11 02:05:50,689 INFO [org.geoserver] - Loaded layer 'bugsites'
2012-08-11 02:05:50,711 INFO [org.geoserver] - Loaded feature type 'restricted', enabled
2012-08-11 02:05:50,712 INFO [org.geoserver] - Loaded feature type 'sf'
2012-08-11 02:05:50,720 INFO [org.geoserver] - Loaded layer 'restricted'
2012-08-11 02:05:50,733 INFO [org.geoserver] - Loaded feature type 'streams', enabled
2012-08-11 02:05:50,734 INFO [org.geoserver] - Loaded feature type 'sf'
2012-08-11 02:05:50,745 INFO [org.geoserver] - Loaded layer 'streams'
2012-08-11 02:05:50,760 INFO [org.geoserver] - Loaded feature type 'archsites', enabled
2012-08-11 02:05:50,760 INFO [org.geoserver] - Loaded feature type 'sf'
2012-08-11 02:05:50,770 INFO [org.geoserver] - Loaded layer 'archsites'
2012-08-11 02:05:50,772 INFO [org.geoserver] - Loaded store 'sfdem', enabled
2012-08-11 02:05:50,772 INFO [org.geoserver] - Loaded coverage store 'sfdem'
2012-08-11 02:05:50,789 INFO [org.geoserver] - Loaded coverage 'sfdem', enabled
2012-08-11 02:05:50,790 INFO [org.geoserver] - Loaded coverage 'sfdem'
2012-08-11 02:05:50,897 INFO [org.geoserver] - Loaded layer 'sfdem'
2012-08-11 02:05:50,915 INFO [org.geoserver] - Loaded store 'nyc', enabled
2012-08-11 02:05:50,915 INFO [org.geoserver] - Loaded data store 'nyc'
2012-08-11 02:05:50,954 INFO [org.geoserver] - Loaded feature type 'poi', enabled
2012-08-11 02:05:50,958 INFO [org.geoserver] - Loaded feature type 'nyc'
2012-08-11 02:05:50,964 INFO [org.geoserver] - Loaded layer 'poi'
2012-08-11 02:05:50,974 INFO [org.geoserver] - Loaded feature type 'giant_polygon', enabled
2012-08-11 02:05:50,975 INFO [org.geoserver] - Loaded feature type 'nyc'
2012-08-11 02:05:50,983 INFO [org.geoserver] - Loaded layer 'giant_polygon'
2012-08-11 02:05:50,988 INFO [org.geoserver] - Loaded feature type 'tiger_roads', enabled
2012-08-11 02:05:50,989 INFO [org.geoserver] - Loaded feature type 'nyc'
2012-08-11 02:05:51,000 INFO [org.geoserver] - Loaded layer 'tiger_roads'
2012-08-11 02:05:51,006 INFO [org.geoserver] - Loaded feature type 'poly_landmarks', enabled
2012-08-11 02:05:51,012 INFO [org.geoserver] - Loaded feature type 'nyc'
2012-08-11 02:05:51,016 INFO [org.geoserver] - Loaded layer 'poly_landmarks'
2012-08-11 02:05:51,024 INFO [org.geoserver] - Loaded store 'taz_shapes', enabled
2012-08-11 02:05:51,024 INFO [org.geoserver] - Loaded data store 'taz_shapes'
2012-08-11 02:05:51,087 INFO [org.geoserver] - Loaded feature type 'tasmania_state_boundaries', enabled
2012-08-11 02:05:51,088 INFO [org.geoserver] - Loaded feature type 'taz_shapes'
2012-08-11 02:05:51,100 INFO [org.geoserver] - Loaded layer 'tasmania_state_boundaries'
2012-08-11 02:05:51,107 INFO [org.geoserver] - Loaded feature type 'tasmania_cities', enabled
2012-08-11 02:05:51,120 INFO [org.geoserver] - Loaded feature type 'taz_shapes'
2012-08-11 02:05:51,132 INFO [org.geoserver] - Loaded layer 'tasmania_cities'
2012-08-11 02:05:51,150 INFO [org.geoserver] - Loaded feature type 'tasmania_water_bodies', enabled
2012-08-11 02:05:51,151 INFO [org.geoserver] - Loaded feature type 'taz_shapes'
2012-08-11 02:05:51,153 INFO [org.geoserver] - Loaded layer 'tasmania_water_bodies'
2012-08-11 02:05:51,159 INFO [org.geoserver] - Loaded feature type 'tasmania_roads', enabled
2012-08-11 02:05:51,159 INFO [org.geoserver] - Loaded feature type 'taz_shapes'
2012-08-11 02:05:51,168 INFO [org.geoserver] - Loaded layer 'tasmania_roads'
2012-08-11 02:05:51,173 INFO [org.geoserver] - Loaded store 'states_shapefile', enabled
2012-08-11 02:05:51,174 INFO [org.geoserver] - Loaded data store 'states_shapefile'
2012-08-11 02:05:51,204 INFO [org.geoserver] - Loaded feature type 'states', enabled
2012-08-11 02:05:51,205 INFO [org.geoserver] - Loaded feature type 'states_shapefile'
2012-08-11 02:05:51,215 INFO [org.geoserver] - Loaded layer 'states'
2012-08-11 02:05:51,229 INFO [org.geoserver] - Loaded layer group 'tasmania'
2012-08-11 02:05:51,237 INFO [org.geoserver] - Loaded layer group 'tiger-ny'
2012-08-11 02:05:51,244 INFO [org.geoserver] - Loaded layer group 'spearfish'
2012-08-11 02:05:51,683 INFO [org.geoserver] - Loaded service 'wfs', enabled
2012-08-11 02:05:51,778 INFO [org.geoserver] - Loaded service 'wms', enabled
2012-08-11 02:05:51,821 INFO [org.geoserver] - Loaded service 'wcs', enabled
2012-08-11 02:05:51,867 INFO [gwc.config] - Initializing GeoServer specific GWC configuration from gwc-gs.xml
2012-08-11 02:05:52,012 INFO [org.geoserver] - GeoServer configuration lock is enabled
2012-08-11 02:05:54,204 INFO [storage.DefaultStorageFinder] - ***************************************************************************************************************************************
2012-08-11 02:05:54,204 INFO [storage.DefaultStorageFinder] - *** Found Java environment variable GEOSERVER_DATA_DIR set to /opt/geoserver-2.1.4/bin/../data_dir, using it as the default prefix. ***
2012-08-11 02:05:54,204 INFO [storage.DefaultStorageFinder] - ***************************************************************************************************************************************
2012-08-11 02:05:56,958 INFO [jdbc.JDBCMBWrapper] - MetaStore database is version 120
2012-08-11 02:05:57,004 INFO [config.XMLConfiguration] - Will look for geowebcache.xml in '/opt/geoserver-2.1.4/bin/../data_dir/gwc'
2012-08-11 02:05:57,015 INFO [config.XMLConfiguration] - Found configuration file in /opt/geoserver-2.1.4/bin/../data_dir/gwc
2012-08-11 02:05:57,332 INFO [config.XMLConfiguration] - Configuration file validated fine.
2012-08-11 02:05:57,406 INFO [config.XMLConfiguration] - Initializing GridSets from /opt/geoserver-2.1.4/bin/../data_dir/gwc
2012-08-11 02:05:57,407 INFO [config.XMLConfiguration] - Initializing layers from /opt/geoserver-2.1.4/bin/../data_dir/gwc
2012-08-11 02:05:57,407 INFO [layer.TileLayerDispatcher] - Configuration /opt/geoserver-2.1.4/bin/../data_dir/gwc contained no layers.
2012-08-11 02:05:57,571 INFO [storage.EntityStoreBuilder] - Neither disk quota page store' cache memory percent nor cache size was provided. Defaulting to 25% Heap Size
2012-08-11 02:05:59,414 INFO [storage.BDBQuotaStore] - Berkeley DB JE Disk Quota page store configured at /opt/geoserver-2.1.4/bin/../data_dir/gwc/diskquota_page_store
2012-08-11 02:05:59,418 INFO [storage.BDBQuotaStore] - Quota Store initialized. Global quota: 0.0 B
2012-08-11 02:05:59,423 INFO [diskquota.ConfigLoader] - DiskQuota configuration not found: /opt/geoserver-2.1.4/bin/../data_dir/gwc/geowebcache-diskquota.xml
2012-08-11 02:05:59,430 INFO [diskquota.DiskQuotaMonitor] - Setting up disk quota periodic enforcement task
2012-08-11 02:05:59,440 INFO [diskquota.DiskQuotaMonitor] - 0 layers configured with their own quotas. 
2012-08-11 02:05:59,441 INFO [diskquota.DiskQuotaMonitor] - 22 layers attached to global quota 500.0 MB
2012-08-11 02:05:59,479 INFO [diskquota.DiskQuotaMonitor] - Disk quota periodic enforcement task set up every 10 SECONDS
2012-08-11 02:05:59,628 INFO [geowebcache.GeoWebCacheDispatcher] - Invoked setServletPrefix(gwc)
2012-08-11 02:05:59,642 INFO [georss.GeoRSSPoller] - Initializing GeoRSS poller in a background job...
2012-08-11 02:05:59,647 INFO [georss.GeoRSSPoller] - No enabled GeoRSS feeds found, poller will not run.
2012-08-11 02:05:59,754 INFO [rest.RESTDispatcher] - Created RESTDispatcher with 11 paths
2012-08-11 02:05:59,776 INFO [wms.WMSService] - Will NOT recombine tiles for non-tiling clients.
2012-08-11 02:05:59,776 INFO [wms.WMSService] - Will proxy requests to backend that are not getmap or getcapabilities.
2012-08-16 22:44:02,782 ERROR [geoserver.global] - 
----------------------------------
- GEOSERVER_DATA_DIR: /opt/geoserver-2.1.4/bin/../data_dir
----------------------------------
2012-08-16 22:44:03,092 INFO [org.geoserver] - Loaded style 'point'
2012-08-16 22:44:03,093 INFO [org.geoserver] - Loaded style 'pophatch'
2012-08-16 22:44:03,094 INFO [org.geoserver] - Loaded style 'dem'
2012-08-16 22:44:03,095 INFO [org.geoserver] - Loaded style 'simple_streams'
2012-08-16 22:44:03,095 INFO [org.geoserver] - Loaded style 'tiger_roads'
2012-08-16 22:44:03,096 INFO [org.geoserver] - Loaded style 'population'
2012-08-16 22:44:03,097 INFO [org.geoserver] - Loaded style 'capitals'
2012-08-16 22:44:03,098 INFO [org.geoserver] - Loaded style 'line'
2012-08-16 22:44:03,099 INFO [org.geoserver] - Loaded style 'raster'
2012-08-16 22:44:03,100 INFO [org.geoserver] - Loaded style 'restricted'
2012-08-16 22:44:03,101 INFO [org.geoserver] - Loaded style 'rain'
2012-08-16 22:44:03,101 INFO [org.geoserver] - Loaded style 'polygon'
2012-08-16 22:44:03,102 INFO [org.geoserver] - Loaded style 'poi'
2012-08-16 22:44:03,103 INFO [org.geoserver] - Loaded style 'simple_roads'
2012-08-16 22:44:03,104 INFO [org.geoserver] - Loaded style 'burg'
2012-08-16 22:44:03,106 INFO [org.geoserver] - Loaded style 'green'
2012-08-16 22:44:03,107 INFO [org.geoserver] - Loaded style 'giant_polygon'
2012-08-16 22:44:03,108 INFO [org.geoserver] - Loaded style 'cite_lakes'
2012-08-16 22:44:03,109 INFO [org.geoserver] - Loaded style 'poly_landmarks'
2012-08-16 22:44:03,110 INFO [org.geoserver] - Loaded style 'grass'
2012-08-16 22:44:03,112 INFO [org.geoserver] - Loaded default workspace nurc
2012-08-16 22:44:03,120 INFO [org.geoserver] - Loaded workspace 'nurc'
2012-08-16 22:44:03,123 INFO [org.geoserver] - Loaded workspace 'cite'
2012-08-16 22:44:03,125 INFO [org.geoserver] - Loaded workspace 'sf'
2012-08-16 22:44:03,126 INFO [org.geoserver] - Loaded workspace 'it.geosolutions'
2012-08-16 22:44:03,128 INFO [org.geoserver] - Loaded workspace 'tiger'
2012-08-16 22:44:03,130 INFO [org.geoserver] - Loaded workspace 'topp'
2012-08-16 22:44:03,132 INFO [org.geoserver] - Loaded workspace 'sde'
2012-08-16 22:44:03,142 INFO [org.geoserver] - Loaded store 'mosaic', enabled
2012-08-16 22:44:03,165 INFO [org.geoserver] - Loaded coverage store 'mosaic'
2012-08-16 22:44:04,083 WARN [referencing.factory] - Axis elements found in a wkt definition, the force longitude first axis order hint might not be respected:
PROJCS["WGS84 / Simple Mercator", GEOGCS["WGS 84", DATUM["WGS_1984", SPHEROID["WGS_1984", 6378137.0, 298.257223563]], PRIMEM["Greenwich", 0.0], UNIT["degree", 0.017453292519943295]], PROJECTION["Mercator_1SP_Google"], PARAMETER["latitude_of_origin", 0.0], PARAMETER["central_meridian", 0.0], PARAMETER["scale_factor", 1.0], PARAMETER["false_easting", 0.0], PARAMETER["false_northing", 0.0], UNIT["m", 1.0], AXIS["x", EAST], AXIS["y", NORTH], AUTHORITY["EPSG","54004"]]
2012-08-16 22:44:04,406 INFO [org.geoserver] - Loaded coverage 'mosaic', enabled
2012-08-16 22:44:04,421 INFO [org.geoserver] - Loaded coverage 'mosaic'
2012-08-16 22:44:05,257 WARN [imagemosaic.catalog] - BBOXFilterExtractor::extractBasicProperties(): passed typename is null, using: mosaic
2012-08-16 22:44:05,707 WARN [imagemosaic.Utils] - Unable to find sample image for path /opt/geoserver-2.1.4/bin/../data_dir/coverages/mosaic_sample/sample_image
2012-08-16 22:44:05,707 WARN [gce.imagemosaic] - Unable to find sample image for path file:/opt/geoserver-2.1.4/bin/../data_dir/coverages/mosaic_sample/mosaic.shp
2012-08-16 22:44:05,714 INFO [org.geoserver] - Loaded layer 'mosaic'
2012-08-16 22:44:05,732 INFO [org.geoserver] - Loaded store 'img_sample2', enabled
2012-08-16 22:44:05,733 INFO [org.geoserver] - Loaded coverage store 'img_sample2'
2012-08-16 22:44:06,438 INFO [org.geoserver] - Loaded coverage 'Pk50095', enabled
2012-08-16 22:44:06,439 INFO [org.geoserver] - Loaded coverage 'img_sample2'
2012-08-16 22:44:06,761 INFO [org.geoserver] - Loaded layer 'Pk50095'
2012-08-16 22:44:06,782 INFO [org.geoserver] - Loaded store 'worldImageSample', enabled
2012-08-16 22:44:06,783 INFO [org.geoserver] - Loaded coverage store 'worldImageSample'
2012-08-16 22:44:06,797 INFO [org.geoserver] - Loaded coverage 'Img_Sample', enabled
2012-08-16 22:44:06,798 INFO [org.geoserver] - Loaded coverage 'worldImageSample'
2012-08-16 22:44:06,838 INFO [org.geoserver] - Loaded layer 'Img_Sample'
2012-08-16 22:44:06,840 INFO [org.geoserver] - Loaded store 'arcGridSample', enabled
2012-08-16 22:44:06,840 INFO [org.geoserver] - Loaded coverage store 'arcGridSample'
2012-08-16 22:44:06,847 INFO [org.geoserver] - Loaded coverage 'Arc_Sample', enabled
2012-08-16 22:44:06,848 INFO [org.geoserver] - Loaded coverage 'arcGridSample'
2012-08-16 22:44:06,908 INFO [org.geoserver] - Loaded layer 'Arc_Sample'
2012-08-16 22:44:06,911 INFO [org.geoserver] - Loaded store 'sf', enabled
2012-08-16 22:44:06,920 INFO [org.geoserver] - Loaded data store 'sf'
2012-08-16 22:44:07,334 INFO [org.geoserver] - Loaded feature type 'roads', enabled
2012-08-16 22:44:07,372 INFO [org.geoserver] - Loaded feature type 'sf'
2012-08-16 22:44:07,375 INFO [org.geoserver] - Loaded layer 'roads'
2012-08-16 22:44:07,389 INFO [org.geoserver] - Loaded feature type 'bugsites', enabled
2012-08-16 22:44:07,389 INFO [org.geoserver] - Loaded feature type 'sf'
2012-08-16 22:44:07,409 INFO [org.geoserver] - Loaded layer 'bugsites'
2012-08-16 22:44:07,422 INFO [org.geoserver] - Loaded feature type 'restricted', enabled
2012-08-16 22:44:07,422 INFO [org.geoserver] - Loaded feature type 'sf'
2012-08-16 22:44:07,433 INFO [org.geoserver] - Loaded layer 'restricted'
2012-08-16 22:44:07,440 INFO [org.geoserver] - Loaded feature type 'streams', enabled
2012-08-16 22:44:07,441 INFO [org.geoserver] - Loaded feature type 'sf'
2012-08-16 22:44:07,454 INFO [org.geoserver] - Loaded layer 'streams'
2012-08-16 22:44:07,462 INFO [org.geoserver] - Loaded feature type 'archsites', enabled
2012-08-16 22:44:07,463 INFO [org.geoserver] - Loaded feature type 'sf'
2012-08-16 22:44:07,474 INFO [org.geoserver] - Loaded layer 'archsites'
2012-08-16 22:44:07,477 INFO [org.geoserver] - Loaded store 'sfdem', enabled
2012-08-16 22:44:07,478 INFO [org.geoserver] - Loaded coverage store 'sfdem'
2012-08-16 22:44:07,495 INFO [org.geoserver] - Loaded coverage 'sfdem', enabled
2012-08-16 22:44:07,496 INFO [org.geoserver] - Loaded coverage 'sfdem'
2012-08-16 22:44:07,603 INFO [org.geoserver] - Loaded layer 'sfdem'
2012-08-16 22:44:07,605 INFO [org.geoserver] - Loaded store 'nyc', enabled
2012-08-16 22:44:07,605 INFO [org.geoserver] - Loaded data store 'nyc'
2012-08-16 22:44:07,639 INFO [org.geoserver] - Loaded feature type 'poi', enabled
2012-08-16 22:44:07,640 INFO [org.geoserver] - Loaded feature type 'nyc'
2012-08-16 22:44:07,648 INFO [org.geoserver] - Loaded layer 'poi'
2012-08-16 22:44:07,653 INFO [org.geoserver] - Loaded feature type 'giant_polygon', enabled
2012-08-16 22:44:07,654 INFO [org.geoserver] - Loaded feature type 'nyc'
2012-08-16 22:44:07,665 INFO [org.geoserver] - Loaded layer 'giant_polygon'
2012-08-16 22:44:07,670 INFO [org.geoserver] - Loaded feature type 'tiger_roads', enabled
2012-08-16 22:44:07,671 INFO [org.geoserver] - Loaded feature type 'nyc'
2012-08-16 22:44:07,679 INFO [org.geoserver] - Loaded layer 'tiger_roads'
2012-08-16 22:44:07,691 INFO [org.geoserver] - Loaded feature type 'poly_landmarks', enabled
2012-08-16 22:44:07,692 INFO [org.geoserver] - Loaded feature type 'nyc'
2012-08-16 22:44:07,698 INFO [org.geoserver] - Loaded layer 'poly_landmarks'
2012-08-16 22:44:07,704 INFO [org.geoserver] - Loaded store 'taz_shapes', enabled
2012-08-16 22:44:07,704 INFO [org.geoserver] - Loaded data store 'taz_shapes'
2012-08-16 22:44:07,740 INFO [org.geoserver] - Loaded feature type 'tasmania_state_boundaries', enabled
2012-08-16 22:44:07,741 INFO [org.geoserver] - Loaded feature type 'taz_shapes'
2012-08-16 22:44:07,748 INFO [org.geoserver] - Loaded layer 'tasmania_state_boundaries'
2012-08-16 22:44:07,764 INFO [org.geoserver] - Loaded feature type 'tasmania_cities', enabled
2012-08-16 22:44:07,766 INFO [org.geoserver] - Loaded feature type 'taz_shapes'
2012-08-16 22:44:07,776 INFO [org.geoserver] - Loaded layer 'tasmania_cities'
2012-08-16 22:44:07,784 INFO [org.geoserver] - Loaded feature type 'tasmania_water_bodies', enabled
2012-08-16 22:44:07,794 INFO [org.geoserver] - Loaded feature type 'taz_shapes'
2012-08-16 22:44:07,836 INFO [org.geoserver] - Loaded layer 'tasmania_water_bodies'
2012-08-16 22:44:07,841 INFO [org.geoserver] - Loaded feature type 'tasmania_roads', enabled
2012-08-16 22:44:07,842 INFO [org.geoserver] - Loaded feature type 'taz_shapes'
2012-08-16 22:44:07,853 INFO [org.geoserver] - Loaded layer 'tasmania_roads'
2012-08-16 22:44:07,854 INFO [org.geoserver] - Loaded store 'states_shapefile', enabled
2012-08-16 22:44:07,855 INFO [org.geoserver] - Loaded data store 'states_shapefile'
2012-08-16 22:44:07,886 INFO [org.geoserver] - Loaded feature type 'states', enabled
2012-08-16 22:44:07,887 INFO [org.geoserver] - Loaded feature type 'states_shapefile'
2012-08-16 22:44:07,896 INFO [org.geoserver] - Loaded layer 'states'
2012-08-16 22:44:07,904 INFO [org.geoserver] - Loaded layer group 'tasmania'
2012-08-16 22:44:07,922 INFO [org.geoserver] - Loaded layer group 'tiger-ny'
2012-08-16 22:44:07,925 INFO [org.geoserver] - Loaded layer group 'spearfish'
2012-08-16 22:44:08,330 INFO [org.geoserver] - Loaded service 'wfs', enabled
2012-08-16 22:44:08,413 INFO [org.geoserver] - Loaded service 'wms', enabled
2012-08-16 22:44:08,429 INFO [org.geoserver] - Loaded service 'wcs', enabled
2012-08-16 22:44:08,454 INFO [gwc.config] - Initializing GeoServer specific GWC configuration from gwc-gs.xml
2012-08-16 22:44:08,532 INFO [org.geoserver] - GeoServer configuration lock is enabled
2012-08-16 22:44:10,384 INFO [storage.DefaultStorageFinder] - ***************************************************************************************************************************************
2012-08-16 22:44:10,384 INFO [storage.DefaultStorageFinder] - *** Found Java environment variable GEOSERVER_DATA_DIR set to /opt/geoserver-2.1.4/bin/../data_dir, using it as the default prefix. ***
2012-08-16 22:44:10,384 INFO [storage.DefaultStorageFinder] - ***************************************************************************************************************************************
2012-08-16 22:44:13,173 INFO [jdbc.JDBCMBWrapper] - MetaStore database is version 120
2012-08-16 22:44:13,212 INFO [config.XMLConfiguration] - Will look for geowebcache.xml in '/opt/geoserver-2.1.4/bin/../data_dir/gwc'
2012-08-16 22:44:13,222 INFO [config.XMLConfiguration] - Found configuration file in /opt/geoserver-2.1.4/bin/../data_dir/gwc
2012-08-16 22:44:13,465 INFO [config.XMLConfiguration] - Configuration file validated fine.
2012-08-16 22:44:13,510 INFO [config.XMLConfiguration] - Initializing GridSets from /opt/geoserver-2.1.4/bin/../data_dir/gwc
2012-08-16 22:44:13,510 INFO [config.XMLConfiguration] - Initializing layers from /opt/geoserver-2.1.4/bin/../data_dir/gwc
2012-08-16 22:44:13,510 INFO [layer.TileLayerDispatcher] - Configuration /opt/geoserver-2.1.4/bin/../data_dir/gwc contained no layers.
2012-08-16 22:44:13,649 INFO [storage.EntityStoreBuilder] - Neither disk quota page store' cache memory percent nor cache size was provided. Defaulting to 25% Heap Size
2012-08-16 22:44:14,977 INFO [storage.BDBQuotaStore] - Berkeley DB JE Disk Quota page store configured at /opt/geoserver-2.1.4/bin/../data_dir/gwc/diskquota_page_store
2012-08-16 22:44:14,980 INFO [storage.BDBQuotaStore] - Quota Store initialized. Global quota: 0.0 B
2012-08-16 22:44:14,984 INFO [diskquota.ConfigLoader] - DiskQuota configuration not found: /opt/geoserver-2.1.4/bin/../data_dir/gwc/geowebcache-diskquota.xml
2012-08-16 22:44:14,991 INFO [diskquota.DiskQuotaMonitor] - Setting up disk quota periodic enforcement task
2012-08-16 22:44:14,993 INFO [diskquota.DiskQuotaMonitor] - 0 layers configured with their own quotas. 
2012-08-16 22:44:14,994 INFO [diskquota.DiskQuotaMonitor] - 22 layers attached to global quota 500.0 MB
2012-08-16 22:44:15,015 INFO [diskquota.DiskQuotaMonitor] - Disk quota periodic enforcement task set up every 10 SECONDS
2012-08-16 22:44:15,146 INFO [geowebcache.GeoWebCacheDispatcher] - Invoked setServletPrefix(gwc)
2012-08-16 22:44:15,149 INFO [georss.GeoRSSPoller] - Initializing GeoRSS poller in a background job...
2012-08-16 22:44:15,161 INFO [georss.GeoRSSPoller] - No enabled GeoRSS feeds found, poller will not run.
2012-08-16 22:44:15,262 INFO [rest.RESTDispatcher] - Created RESTDispatcher with 11 paths
2012-08-16 22:44:15,278 INFO [wms.WMSService] - Will NOT recombine tiles for non-tiling clients.
2012-08-16 22:44:15,279 INFO [wms.WMSService] - Will proxy requests to backend that are not getmap or getcapabilities.
