s BLACK
[INFO] looking up value for address:00000D90
[INFO] the name for the layout we're on is:Scientific[2.0]
[INFO] the name for the graphic we're on is:GenericStatic[8.2]
[INFO] looking up value for address:00000D60
[INFO] the name for the graphic we're on is:GenericStatic[8.2]
[INFO] looking up value for address:00000D64
[INFO] the name for the graphic we're on is:GenericStatic[8.2]
[INFO] looking up value for address:00000D68
[INFO] the name for the graphic we're on is:GenericStatic[8.2]
[INFO] looking up value for address:00000D6C
[INFO] the name for the layout we're on is:Scientific[3.0]
[INFO] the name for the graphic we're on is:GenericStatic[6.3]
[INFO] looking up value for address:00000C0C
[INFO] the name for the graphic we're on is:GenericStatic[6.3]
[INFO] looking up value for address:00000C10
[INFO] the name for the graphic we're on is:GenericStatic[8.3]
[INFO] looking up value for address:00000D20
[INFO] the name for the graphic we're on is:GenericStatic[8.3]
[INFO] this is the current details name:TextLabel[0.0]
[INFO] this is the current details locationX&locationY:0.0&0.0
[INFO] this is the current details placementX&placementY:0.0&0.0
[INFO] looking up value for address:00000D30
[INFO] component color is BLACK
[INFO] the name for the graphic we're on is:GenericStatic[8.3]
[INFO] looking up value for address:00000D40
[INFO] the name for the graphic we're on is:GenericStatic[8.3]
[INFO] looking up value for address:00000D50
[INFO] the name for the layout we're on is:Scientific[4.0]
[INFO] the name for the graphic we're on is:GenericStatic[14.4]
[INFO] the name for the graphic we're on is:GenericStatic[11.4]
[INFO] looking up value for address:00000BAC
[INFO] the name for the graphic we're on is:GenericStatic[8.4]
[INFO] looking up value for address:00000CF0
[INFO] the name for the graphic we're on is:GenericStatic[8.4]
[INFO] looking up value for address:00000CFC
[INFO] the name for the graphic we're on is:GenericStatic[8.4]
[INFO] looking up value for address:00000D08
[INFO] the name for the graphic we're on is:GenericStatic[8.4]
[INFO] looking up value for address:00000D14
[INFO] the name for the layout we're on is:Scientific[5.0]
[INFO] the name for the graphic we're on is:GenericStatic[15.5]
[INFO] the name for the graphic we're on is:GenericStatic[16.5]
[INFO] the name for the graphic we're on is:GenericStatic[17.5]
[INFO] the name for the graphic we're on is:GenericStatic[11.5]
[INFO] looking up value for address:00000CE4
[INFO] the name for the graphic we're on is:GenericStatic[11.5]
[INFO] looking up value for address:00000BEC
[INFO] the name for the graphic we're on is:GenericStatic[11.5]
[INFO] looking up value for address:00000CE8
[INFO] the name for the layout we're on is:Scientific[6.0]
[INFO] the name for the graphic we're on is:GenericStatic[18.6]
[INFO] the name for the graphic we're on is:GenericStatic[19.6]
[INFO] the name for the graphic we're on is:GenericStatic[20.6]
[INFO] the name for the graphic we're on is:GenericStatic[21.6]
[INFO] the name for the graphic we're on is:GenericStatic[22.6]
[INFO] the name for the graphic we're on is:GenericStatic[23.6]
[INFO] the name for the layout we're on is:Scientific[7.0]
[INFO] the name for the graphic we're on is:GenericStatic[24.7]
[INFO] the name for the graphic we're on is:GenericStatic[10.7]
[INFO] looking up value for address:00000B98
[INFO] the name for the graphic we're on is:GenericStatic[10.7]
[INFO] looking up value for address:00000B9C
[INFO] the name for the graphic we're on is:GenericStatic[10.7]
[INFO] looking up value for address:00000BA0
[INFO] the name for the graphic we're on is:GenericStatic[10.7]
[INFO] looking up value for address:00000BA4
[INFO] the name for the graphic we're on is:GenericStatic[10.7]
[INFO] looking up value for address:00000BA8
[INFO] the name for the layout we're on is:Scientific[8.0]
[INFO] the name for the graphic we're on is:GenericStatic[5.8]
[INFO] looking up value for address:00000B68
[INFO] the name for the graphic we're on is:GenericStatic[5.8]
[INFO] looking up value for address:00000B6C
[INFO] the name for the graphic we're on is:GenericStatic[5.8]
[INFO] looking up value for address:00000B70
[INFO] the name for the graphic we're on is:GenericStatic[13.8]
[INFO] looking up value for address:00000B8C
[INFO] the name for the graphic we're on is:GenericStatic[13.8]
[INFO] looking up value for address:00000B90
[INFO] the name for the layout we're on is:Scientific[9.0]
[INFO] the name for the graphic we're on is:GenericStatic[5.9]
[INFO] looking up value for address:00000B5C
[INFO] the name for the graphic we're on is:GenericStatic[5.9]
[INFO] looking up value for address:00000B60
[INFO] the name for the graphic we're on is:GenericStatic[5.9]
[INFO] looking up value for address:00000B64
[INFO] the name for the graphic we're on is:GenericStatic[6.9]
[INFO] looking up value for address:00000B84
[INFO] the name for the graphic we're on is:GenericStatic[6.9]
[INFO] looking up value for address:00000B88
[INFO] the name for the layout we're on is:Scientific[10.0]
[INFO] the name for the graphic we're on is:GenericStatic[5.10]
[INFO] looking up value for address:00000B50
[INFO] the name for the graphic we're on is:GenericStatic[5.10]
[INFO] looking up value for address:00000B52
[INFO] the name for the graphic we're on is:GenericStatic[5.10]
[INFO] looking up value for address:00000B58
[INFO] the name for the graphic we're on is:GenericStatic[6.10]
[INFO] looking up value for address:00000B7C
[INFO] the name for the graphic we're on is:GenericStatic[6.10]
[INFO] looking up value for address:00000B80
[INFO] the name for the layout we're on is:Scientific[11.0]
[INFO] the name for the graphic we're on is:GenericStatic[5.11]
[INFO] looking up value for address:00000B44
[INFO] the name for the graphic we're on is:GenericStatic[5.11]
[INFO] looking up value for address:00000B48
[INFO] the name for the graphic we're on is:GenericStatic[5.11]
[INFO] looking up value for address:00000B4C
[INFO] the name for the graphic we're on is:GenericStatic[5.11]
[INFO] looking up value for address:00000B74
[INFO] the name for the graphic we're on is:GenericStatic[9.11]
[INFO] looking up value for address:00000B78
[INFO] the name for the screen we're on is:BitInteger
[INFO] the name for the layout we're on is:BitInteger[12.0]
[INFO] the name for the layout we're on is:BitInteger[13.0]
[INFO] the name for the graphic we're on is:GenericStatic[12.13]
[INFO] looking up value for address:00000D90
[INFO] the name for the layout we're on is:BitInteger[14.0]
[INFO] the name for the graphic we're on is:GenericStatic[8.14]
[INFO] looking up value for address:00000CB0
[INFO] the name for the graphic we're on is:GenericStatic[8.14]
[INFO] looking up value for address:00000CB4
[INFO] the name for the graphic we're on is:GenericStatic[8.14]
[INFO] looking up value for address:00000CB8
[INFO] the name for the graphic we're on is:GenericStatic[8.14]
[INFO] looking up value for address:00000CBC
[INFO] the name for the layout we're on is:BitInteger[15.0]
[INFO] the name for the graphic we're on is:GenericStatic[6.15]
[INFO] looking up value for address:00000C0C
[INFO] the name for the graphic we're on is:GenericStatic[6.15]
[INFO] looking up value for address:00000C10
[INFO] the name for the graphic we're on is:GenericStatic[11.15]
[INFO] looking up value for address:00000C98
[INFO] the name for the graphic we're on is:GenericStatic[11.15]
[INFO] looking up value for address:00000C9C
[INFO] the name for the graphic we're on is:GenericStatic[11.15]
[INFO] looking up value for address:00000CA0
[INFO] the name for the graphic we're on is:GenericStatic[11.15]
[INFO] looking up value for address:00000CA8
[INFO] the name for the layout we're on is:BitInteger[16.0]
[INFO] the name for the graphic we're on is:GenericStatic[11.16]
[INFO] looking up value for address:00000C78
[INFO] the name for the graphic we're on is:GenericStatic[11.16]
[INFO] looking up value for address:00000C7C
[INFO] the name for the graphic we're on is:GenericStatic[11.16]
[INFO] looking up value for address:00000C84
[INFO] the name for the graphic we're on is:GenericStatic[11.16]
[INFO] looking up value for address:00000C88
[INFO] the name for the graphic we're on is:GenericStatic[11.16]
[INFO] looking up value for address:00000C8C
[INFO] the name for the graphic we're on is:GenericStatic[11.16]
[INFO] looking up value for address:00000C90
[INFO] the name for the layout we're on is:BitInteger[17.0]
[INFO] the name for the graphic we're on is:GenericStatic[11.17]
[INFO] looking up value for address:00000C74
[INFO] the name for the graphic we're on is:GenericStatic[10.17]
[INFO] looking up value for address:00000B98
[INFO] the name for the graphic we're on is:GenericStatic[10.17]
[INFO] looking up value for address:00000B9C
[INFO] the name for the graphic we're on is:GenericStatic[10.17]
[INFO] looking up value for address:00000BA0
[INFO] the name for the graphic we're on is:GenericStatic[10.17]
[INFO] looking up value for address:00000BA4
[INFO] the name for the graphic we're on is:GenericStatic[10.17]
[INFO] looking up value for address:00000BA8
[INFO] the name for the layout we're on is:BitInteger[18.0]
[INFO] the name for the graphic we're on is:GenericStatic[5.18]
[INFO] looking up value for address:00000C4C
[INFO] the name for the graphic we're on is:GenericStatic[5.18]
[INFO] looking up value for address:00000C50
[INFO] the name for the graphic we're on is:GenericStatic[5.18]
[INFO] looking up value for address:00000C54
[INFO] the name for the graphic we're on is:GenericStatic[13.18]
[INFO] looking up value for address:00000B8C
[INFO] the name for the graphic we're on is:GenericStatic[13.18]
[INFO] looking up value for address:00000B90
[INFO] the name for the layout we're on is:BitInteger[19.0]
[INFO] the name for the graphic we're on is:GenericStatic[5.19]
[INFO] the name for the graphic we're on is:GenericStatic[5.19]
[INFO] the name for the graphic we're on is:GenericStatic[5.19]
[INFO] the name for the graphic we're on is:GenericStatic[6.19]
[INFO] the name for the graphic we're on is:GenericStatic[6.19]
[INFO] the name for the layout we're on is:BitInteger[20.0]
[INFO] the name for the graphic we're on is:GenericStatic[5.20]
[INFO] the name for the graphic we're on is:GenericStatic[5.20]
[INFO] the name for the graphic we're on is:GenericStatic[5.20]
[INFO] the name for the graphic we're on is:GenericStatic[6.20]
[INFO] the name for the graphic we're on is:GenericStatic[6.20]
[INFO] the name for the layout we're on is:BitInteger[21.0]
[INFO] the name for the graphic we're on is:GenericStatic[5.21]
[INFO] the name for the graphic we're on is:GenericStatic[5.21]
[INFO] the name for the graphic we're on is:GenericStatic[5.21]
[INFO] the name for the graphic we're on is:GenericStatic[11.21]
[INFO] the name for the graphic we're on is:GenericStatic[11.21]
[INFO] the name for the layout we're on is:BitInteger[22.0]
[INFO] the name for the graphic we're on is:GenericStatic[5.22]
[INFO] the name for the graphic we're on is:GenericStatic[5.22]
[INFO] the name for the graphic we're on is:GenericStatic[5.22]
[INFO] the name for the graphic we're on is:GenericStatic[11.22]
[INFO] the name for the graphic we're on is:GenericStatic[11.22]
[INFO] the name for the layout we're on is:BitInteger[23.0]
[INFO] the name for the graphic we're on is:GenericStatic[5.23]
[INFO] the name for the graphic we're on is:GenericStatic[11.23]
[INFO] the name for the graphic we're on is:GenericStatic[11.23]
[INFO] the name for the graphic we're on is:GenericStatic[11.23]
[INFO] the name for the graphic we're on is:GenericStatic[9.23]
[INFO] the name for the screen we're on is:Statistics
[INFO] about to fire component init events
[INFO] about to fire graphic init events
[INFO] about to fire virtual stack init events
[INFO] made it!